
-------------------------------------------------------------------------------

dh157_python_3_12_slim/bin: Symbolic link
/home/uwe/Documents/UWE/CSE/Assessment_Applications/Poisioned_Base_Images/Python/Docker_PoCs/Ghost_Edit+Binary_Passthrough/scan_results/ClamAV/dh157_python_3_12_slim/.dockerenv: Empty file
dh157_python_3_12_slim/sbin: Symbolic link
dh157_python_3_12_slim/lib64: Symbolic link
/home/uwe/Documents/UWE/CSE/Assessment_Applications/Poisioned_Base_Images/Python/Docker_PoCs/Ghost_Edit+Binary_Passthrough/scan_results/ClamAV/dh157_python_3_12_slim/var/log/lastlog: Empty file
/home/uwe/Documents/UWE/CSE/Assessment_Applications/Poisioned_Base_Images/Python/Docker_PoCs/Ghost_Edit+Binary_Passthrough/scan_results/ClamAV/dh157_python_3_12_slim/var/log/faillog: Empty file
/home/uwe/Documents/UWE/CSE/Assessment_Applications/Poisioned_Base_Images/Python/Docker_PoCs/Ghost_Edit+Binary_Passthrough/scan_results/ClamAV/dh157_python_3_12_slim/var/log/wtmp: Empty file
/home/uwe/Documents/UWE/CSE/Assessment_Applications/Poisioned_Base_Images/Python/Docker_PoCs/Ghost_Edit+Binary_Passthrough/scan_results/ClamAV/dh157_python_3_12_slim/var/log/btmp: Empty file
dh157_python_3_12_slim/var/lock: Symbolic link
/home/uwe/Documents/UWE/CSE/Assessment_Applications/Poisioned_Base_Images/Python/Docker_PoCs/Ghost_Edit+Binary_Passthrough/scan_results/ClamAV/dh157_python_3_12_slim/var/cache/debconf/passwords.dat: Empty file
/home/uwe/Documents/UWE/CSE/Assessment_Applications/Poisioned_Base_Images/Python/Docker_PoCs/Ghost_Edit+Binary_Passthrough/scan_results/ClamAV/dh157_python_3_12_slim/var/cache/apt/archives/lock: Empty file
dh157_python_3_12_slim/var/spool/mail: Symbolic link
dh157_python_3_12_slim/var/run: Symbolic link
/home/uwe/Documents/UWE/CSE/Assessment_Applications/Poisioned_Base_Images/Python/Docker_PoCs/Ghost_Edit+Binary_Passthrough/scan_results/ClamAV/dh157_python_3_12_slim/var/lib/dpkg/lock: Empty file
/home/uwe/Documents/UWE/CSE/Assessment_Applications/Poisioned_Base_Images/Python/Docker_PoCs/Ghost_Edit+Binary_Passthrough/scan_results/ClamAV/dh157_python_3_12_slim/var/lib/dpkg/lock-frontend: Empty file
/home/uwe/Documents/UWE/CSE/Assessment_Applications/Poisioned_Base_Images/Python/Docker_PoCs/Ghost_Edit+Binary_Passthrough/scan_results/ClamAV/dh157_python_3_12_slim/var/lib/dpkg/triggers/Lock: Empty file
/home/uwe/Documents/UWE/CSE/Assessment_Applications/Poisioned_Base_Images/Python/Docker_PoCs/Ghost_Edit+Binary_Passthrough/scan_results/ClamAV/dh157_python_3_12_slim/var/lib/dpkg/triggers/Unincorp: Empty file
/home/uwe/Documents/UWE/CSE/Assessment_Applications/Poisioned_Base_Images/Python/Docker_PoCs/Ghost_Edit+Binary_Passthrough/scan_results/ClamAV/dh157_python_3_12_slim/var/lib/systemd/deb-systemd-helper-enabled/multi-user.target.wants/e2scrub_reap.service: Empty file
/home/uwe/Documents/UWE/CSE/Assessment_Applications/Poisioned_Base_Images/Python/Docker_PoCs/Ghost_Edit+Binary_Passthrough/scan_results/ClamAV/dh157_python_3_12_slim/var/lib/systemd/deb-systemd-helper-enabled/timers.target.wants/fstrim.timer: Empty file
/home/uwe/Documents/UWE/CSE/Assessment_Applications/Poisioned_Base_Images/Python/Docker_PoCs/Ghost_Edit+Binary_Passthrough/scan_results/ClamAV/dh157_python_3_12_slim/var/lib/systemd/deb-systemd-helper-enabled/timers.target.wants/apt-daily.timer: Empty file
/home/uwe/Documents/UWE/CSE/Assessment_Applications/Poisioned_Base_Images/Python/Docker_PoCs/Ghost_Edit+Binary_Passthrough/scan_results/ClamAV/dh157_python_3_12_slim/var/lib/systemd/deb-systemd-helper-enabled/timers.target.wants/dpkg-db-backup.timer: Empty file
/home/uwe/Documents/UWE/CSE/Assessment_Applications/Poisioned_Base_Images/Python/Docker_PoCs/Ghost_Edit+Binary_Passthrough/scan_results/ClamAV/dh157_python_3_12_slim/var/lib/systemd/deb-systemd-helper-enabled/timers.target.wants/apt-daily-upgrade.timer: Empty file
/home/uwe/Documents/UWE/CSE/Assessment_Applications/Poisioned_Base_Images/Python/Docker_PoCs/Ghost_Edit+Binary_Passthrough/scan_results/ClamAV/dh157_python_3_12_slim/var/lib/systemd/deb-systemd-helper-enabled/timers.target.wants/e2scrub_all.timer: Empty file
/home/uwe/Documents/UWE/CSE/Assessment_Applications/Poisioned_Base_Images/Python/Docker_PoCs/Ghost_Edit+Binary_Passthrough/scan_results/ClamAV/dh157_python_3_12_slim/dev/console: Empty file
/home/uwe/Documents/UWE/CSE/Assessment_Applications/Poisioned_Base_Images/Python/Docker_PoCs/Ghost_Edit+Binary_Passthrough/scan_results/ClamAV/dh157_python_3_12_slim/etc/subuid: Empty file
dh157_python_3_12_slim/etc/mtab: Symbolic link
dh157_python_3_12_slim/etc/rcS.d/S01hwclock.sh: Symbolic link
dh157_python_3_12_slim/etc/rmt: Symbolic link
dh157_python_3_12_slim/etc/ssl/certs/3513523f.0: Symbolic link
dh157_python_3_12_slim/etc/ssl/certs/AC_RAIZ_FNMT-RCM.pem: Symbolic link
dh157_python_3_12_slim/etc/ssl/certs/QuoVadis_Root_CA_3.pem: Symbolic link
dh157_python_3_12_slim/etc/ssl/certs/NAVER_Global_Root_Certification_Authority.pem: Symbolic link
dh157_python_3_12_slim/etc/ssl/certs/e113c810.0: Symbolic link
dh157_python_3_12_slim/etc/ssl/certs/e36a6752.0: Symbolic link
dh157_python_3_12_slim/etc/ssl/certs/6d41d539.0: Symbolic link
dh157_python_3_12_slim/etc/ssl/certs/Starfield_Class_2_CA.pem: Symbolic link
dh157_python_3_12_slim/etc/ssl/certs/SwissSign_Silver_CA_-_G2.pem: Symbolic link
dh157_python_3_12_slim/etc/ssl/certs/Certainly_Root_E1.pem: Symbolic link
dh157_python_3_12_slim/etc/ssl/certs/Starfield_Root_Certificate_Authority_-_G2.pem: Symbolic link
dh157_python_3_12_slim/etc/ssl/certs/5f15c80c.0: Symbolic link
dh157_python_3_12_slim/etc/ssl/certs/2b349938.0: Symbolic link
dh157_python_3_12_slim/etc/ssl/certs/32888f65.0: Symbolic link
dh157_python_3_12_slim/etc/ssl/certs/TrustCor_RootCert_CA-1.pem: Symbolic link
dh157_python_3_12_slim/etc/ssl/certs/USERTrust_RSA_Certification_Authority.pem: Symbolic link
dh157_python_3_12_slim/etc/ssl/certs/d7e8dc79.0: Symbolic link
dh157_python_3_12_slim/etc/ssl/certs/9c8dfbd4.0: Symbolic link
dh157_python_3_12_slim/etc/ssl/certs/OISTE_WISeKey_Global_Root_GC_CA.pem: Symbolic link
dh157_python_3_12_slim/etc/ssl/certs/DigiCert_Global_Root_CA.pem: Symbolic link
dh157_python_3_12_slim/etc/ssl/certs/TWCA_Root_Certification_Authority.pem: Symbolic link
dh157_python_3_12_slim/etc/ssl/certs/7719f463.0: Symbolic link
dh157_python_3_12_slim/etc/ssl/certs/40193066.0: Symbolic link
dh157_python_3_12_slim/etc/ssl/certs/IdenTrust_Public_Sector_Root_CA_1.pem: Symbolic link
dh157_python_3_12_slim/etc/ssl/certs/002c0b4f.0: Symbolic link
dh157_python_3_12_slim/etc/ssl/certs/f081611a.0: Symbolic link
dh157_python_3_12_slim/etc/ssl/certs/93bc0acc.0: Symbolic link
dh157_python_3_12_slim/etc/ssl/certs/f30dd6ad.0: Symbolic link
dh157_python_3_12_slim/etc/ssl/certs/f3377b1b.0: Symbolic link
dh157_python_3_12_slim/etc/ssl/certs/certSIGN_ROOT_CA.pem: Symbolic link
dh157_python_3_12_slim/etc/ssl/certs/Hongkong_Post_Root_CA_3.pem: Symbolic link
dh157_python_3_12_slim/etc/ssl/certs/Hellenic_Academic_and_Research_Institutions_ECC_RootCA_2015.pem: Symbolic link
dh157_python_3_12_slim/etc/ssl/certs/Go_Daddy_Root_Certificate_Authority_-_G2.pem: Symbolic link
dh157_python_3_12_slim/etc/ssl/certs/8d86cdd1.0: Symbolic link
dh157_python_3_12_slim/etc/ssl/certs/0f5dc4f3.0: Symbolic link
dh157_python_3_12_slim/etc/ssl/certs/4042bcee.0: Symbolic link
dh157_python_3_12_slim/etc/ssl/certs/Actalis_Authentication_Root_CA.pem: Symbolic link
dh157_python_3_12_slim/etc/ssl/certs/bf53fb88.0: Symbolic link
dh157_python_3_12_slim/etc/ssl/certs/d4dae3dd.0: Symbolic link
dh157_python_3_12_slim/etc/ssl/certs/930ac5d2.0: Symbolic link
dh157_python_3_12_slim/etc/ssl/certs/8160b96c.0: Symbolic link
dh157_python_3_12_slim/etc/ssl/certs/fe8a2cd8.0: Symbolic link
dh157_python_3_12_slim/etc/ssl/certs/Baltimore_CyberTrust_Root.pem: Symbolic link
dh157_python_3_12_slim/etc/ssl/certs/HARICA_TLS_RSA_Root_CA_2021.pem: Symbolic link
dh157_python_3_12_slim/etc/ssl/certs/COMODO_Certification_Authority.pem: Symbolic link
dh157_python_3_12_slim/etc/ssl/certs/E-Tugra_Certification_Authority.pem: Symbolic link
dh157_python_3_12_slim/etc/ssl/certs/9d04f354.0: Symbolic link
dh157_python_3_12_slim/etc/ssl/certs/6fa5da56.0: Symbolic link
dh157_python_3_12_slim/etc/ssl/certs/2923b3f9.0: Symbolic link
dh157_python_3_12_slim/etc/ssl/certs/ef954a4e.0: Symbolic link
dh157_python_3_12_slim/etc/ssl/certs/QuoVadis_Root_CA_2.pem: Symbolic link
dh157_python_3_12_slim/etc/ssl/certs/406c9bb1.0: Symbolic link
dh157_python_3_12_slim/etc/ssl/certs/Certum_Trusted_Network_CA.pem: Symbolic link
dh157_python_3_12_slim/etc/ssl/certs/5931b5bc.0: Symbolic link
dh157_python_3_12_slim/etc/ssl/certs/9b5697b0.0: Symbolic link
dh157_python_3_12_slim/etc/ssl/certs/3bde41ac.1: Symbolic link
dh157_python_3_12_slim/etc/ssl/certs/e8de2f56.0: Symbolic link
dh157_python_3_12_slim/etc/ssl/certs/653b494a.0: Symbolic link
dh157_python_3_12_slim/etc/ssl/certs/Amazon_Root_CA_1.pem: Symbolic link
dh157_python_3_12_slim/etc/ssl/certs/de6d66f3.0: Symbolic link
dh157_python_3_12_slim/etc/ssl/certs/9ef4a08a.0: Symbolic link
dh157_python_3_12_slim/etc/ssl/certs/ISRG_Root_X2.pem: Symbolic link
dh157_python_3_12_slim/etc/ssl/certs/QuoVadis_Root_CA_1_G3.pem: Symbolic link
dh157_python_3_12_slim/etc/ssl/certs/cd8c0d63.0: Symbolic link
dh157_python_3_12_slim/etc/ssl/certs/5a7722fb.0: Symbolic link
dh157_python_3_12_slim/etc/ssl/certs/CA_Disig_Root_R2.pem: Symbolic link
dh157_python_3_12_slim/etc/ssl/certs/DigiCert_High_Assurance_EV_Root_CA.pem: Symbolic link
dh157_python_3_12_slim/etc/ssl/certs/Microsoft_ECC_Root_Certificate_Authority_2017.pem: Symbolic link
dh157_python_3_12_slim/etc/ssl/certs/3e44d2f7.0: Symbolic link
dh157_python_3_12_slim/etc/ssl/certs/TunTrust_Root_CA.pem: Symbolic link
dh157_python_3_12_slim/etc/ssl/certs/Microsec_e-Szigno_Root_CA_2009.pem: Symbolic link
dh157_python_3_12_slim/etc/ssl/certs/1d3472b9.0: Symbolic link
dh157_python_3_12_slim/etc/ssl/certs/AffirmTrust_Networking.pem: Symbolic link
dh157_python_3_12_slim/etc/ssl/certs/ed858448.0: Symbolic link
dh157_python_3_12_slim/etc/ssl/certs/QuoVadis_Root_CA_2_G3.pem: Symbolic link
dh157_python_3_12_slim/etc/ssl/certs/7a3adc42.0: Symbolic link
dh157_python_3_12_slim/etc/ssl/certs/Security_Communication_RootCA3.pem: Symbolic link
dh157_python_3_12_slim/etc/ssl/certs/749e9e03.0: Symbolic link
dh157_python_3_12_slim/etc/ssl/certs/e18bfb83.0: Symbolic link
dh157_python_3_12_slim/etc/ssl/certs/ee64a828.0: Symbolic link
dh157_python_3_12_slim/etc/ssl/certs/e-Szigno_Root_CA_2017.pem: Symbolic link
dh157_python_3_12_slim/etc/ssl/certs/5e98733a.0: Symbolic link
dh157_python_3_12_slim/etc/ssl/certs/ANF_Secure_Server_Root_CA.pem: Symbolic link
dh157_python_3_12_slim/etc/ssl/certs/ecccd8db.0: Symbolic link
dh157_python_3_12_slim/etc/ssl/certs/f39fc864.0: Symbolic link
dh157_python_3_12_slim/etc/ssl/certs/GTS_Root_R3.pem: Symbolic link
dh157_python_3_12_slim/etc/ssl/certs/Go_Daddy_Class_2_CA.pem: Symbolic link
dh157_python_3_12_slim/etc/ssl/certs/706f604c.0: Symbolic link
dh157_python_3_12_slim/etc/ssl/certs/CFCA_EV_ROOT.pem: Symbolic link
dh157_python_3_12_slim/etc/ssl/certs/b1159c4c.0: Symbolic link
dh157_python_3_12_slim/etc/ssl/certs/8cb5ee0f.0: Symbolic link
dh157_python_3_12_slim/etc/ssl/certs/2ae6433e.0: Symbolic link
dh157_python_3_12_slim/etc/ssl/certs/DigiCert_TLS_ECC_P384_Root_G5.pem: Symbolic link
dh157_python_3_12_slim/etc/ssl/certs/57bcb2da.0: Symbolic link
dh157_python_3_12_slim/etc/ssl/certs/1e09d511.0: Symbolic link
dh157_python_3_12_slim/etc/ssl/certs/HiPKI_Root_CA_-_G1.pem: Symbolic link
dh157_python_3_12_slim/etc/ssl/certs/4b718d9b.0: Symbolic link
dh157_python_3_12_slim/etc/ssl/certs/b0e59380.0: Symbolic link
dh157_python_3_12_slim/etc/ssl/certs/4bfab552.0: Symbolic link
dh157_python_3_12_slim/etc/ssl/certs/c28a8a30.0: Symbolic link
dh157_python_3_12_slim/etc/ssl/certs/f0c70a8d.0: Symbolic link
dh157_python_3_12_slim/etc/ssl/certs/244b5494.0: Symbolic link
dh157_python_3_12_slim/etc/ssl/certs/AffirmTrust_Premium_ECC.pem: Symbolic link
dh157_python_3_12_slim/etc/ssl/certs/D-TRUST_EV_Root_CA_1_2020.pem: Symbolic link
dh157_python_3_12_slim/etc/ssl/certs/5cd81ad7.0: Symbolic link
dh157_python_3_12_slim/etc/ssl/certs/TWCA_Global_Root_CA.pem: Symbolic link
dh157_python_3_12_slim/etc/ssl/certs/DigiCert_Assured_ID_Root_G2.pem: Symbolic link
dh157_python_3_12_slim/etc/ssl/certs/1001acf7.0: Symbolic link
dh157_python_3_12_slim/etc/ssl/certs/Trustwave_Global_ECC_P384_Certification_Authority.pem: Symbolic link
dh157_python_3_12_slim/etc/ssl/certs/SZAFIR_ROOT_CA2.pem: Symbolic link
dh157_python_3_12_slim/etc/ssl/certs/Entrust_Root_Certification_Authority_-_EC1.pem: Symbolic link
dh157_python_3_12_slim/etc/ssl/certs/dc4d6a89.0: Symbolic link
dh157_python_3_12_slim/etc/ssl/certs/Amazon_Root_CA_2.pem: Symbolic link
dh157_python_3_12_slim/etc/ssl/certs/aee5f10d.0: Symbolic link
dh157_python_3_12_slim/etc/ssl/certs/d6325660.0: Symbolic link
dh157_python_3_12_slim/etc/ssl/certs/GlobalSign_Root_CA_-_R6.pem: Symbolic link
dh157_python_3_12_slim/etc/ssl/certs/T-TeleSec_GlobalRoot_Class_2.pem: Symbolic link
dh157_python_3_12_slim/etc/ssl/certs/08063a00.0: Symbolic link
dh157_python_3_12_slim/etc/ssl/certs/7aaf71c0.0: Symbolic link
dh157_python_3_12_slim/etc/ssl/certs/0bf05006.0: Symbolic link
dh157_python_3_12_slim/etc/ssl/certs/48bec511.0: Symbolic link
dh157_python_3_12_slim/etc/ssl/certs/E-Tugra_Global_Root_CA_RSA_v3.pem: Symbolic link
dh157_python_3_12_slim/etc/ssl/certs/9846683b.0: Symbolic link
dh157_python_3_12_slim/etc/ssl/certs/DigiCert_Global_Root_G3.pem: Symbolic link
dh157_python_3_12_slim/etc/ssl/certs/TeliaSonera_Root_CA_v1.pem: Symbolic link
dh157_python_3_12_slim/etc/ssl/certs/5273a94c.0: Symbolic link
dh157_python_3_12_slim/etc/ssl/certs/COMODO_RSA_Certification_Authority.pem: Symbolic link
dh157_python_3_12_slim/etc/ssl/certs/fa5da96b.0: Symbolic link
dh157_python_3_12_slim/etc/ssl/certs/Amazon_Root_CA_4.pem: Symbolic link
dh157_python_3_12_slim/etc/ssl/certs/626dceaf.0: Symbolic link
dh157_python_3_12_slim/etc/ssl/certs/3e45d192.0: Symbolic link
dh157_python_3_12_slim/etc/ssl/certs/c01eb047.0: Symbolic link
dh157_python_3_12_slim/etc/ssl/certs/DigiCert_Assured_ID_Root_G3.pem: Symbolic link
dh157_python_3_12_slim/etc/ssl/certs/Hongkong_Post_Root_CA_1.pem: Symbolic link
dh157_python_3_12_slim/etc/ssl/certs/Certainly_Root_R1.pem: Symbolic link
dh157_python_3_12_slim/etc/ssl/certs/SSL.com_EV_Root_Certification_Authority_ECC.pem: Symbolic link
dh157_python_3_12_slim/etc/ssl/certs/emSign_Root_CA_-_C1.pem: Symbolic link
dh157_python_3_12_slim/etc/ssl/certs/8508e720.0: Symbolic link
dh157_python_3_12_slim/etc/ssl/certs/9482e63a.0: Symbolic link
dh157_python_3_12_slim/etc/ssl/certs/QuoVadis_Root_CA_3_G3.pem: Symbolic link
dh157_python_3_12_slim/etc/ssl/certs/fc5a8f99.0: Symbolic link
dh157_python_3_12_slim/etc/ssl/certs/SSL.com_Root_Certification_Authority_ECC.pem: Symbolic link
dh157_python_3_12_slim/etc/ssl/certs/40547a79.0: Symbolic link
dh157_python_3_12_slim/etc/ssl/certs/773e07ad.0: Symbolic link
dh157_python_3_12_slim/etc/ssl/certs/7f3d5d1d.0: Symbolic link
dh157_python_3_12_slim/etc/ssl/certs/SSL.com_EV_Root_Certification_Authority_RSA_R2.pem: Symbolic link
dh157_python_3_12_slim/etc/ssl/certs/5443e9e3.0: Symbolic link
dh157_python_3_12_slim/etc/ssl/certs/Entrust_Root_Certification_Authority_-_G2.pem: Symbolic link
dh157_python_3_12_slim/etc/ssl/certs/0f6fa695.0: Symbolic link
dh157_python_3_12_slim/etc/ssl/certs/ePKI_Root_Certification_Authority.pem: Symbolic link
dh157_python_3_12_slim/etc/ssl/certs/Starfield_Services_Root_Certificate_Authority_-_G2.pem: Symbolic link
dh157_python_3_12_slim/etc/ssl/certs/Telia_Root_CA_v2.pem: Symbolic link
dh157_python_3_12_slim/etc/ssl/certs/14bc7599.0: Symbolic link
dh157_python_3_12_slim/etc/ssl/certs/7a780d93.0: Symbolic link
dh157_python_3_12_slim/etc/ssl/certs/TUBITAK_Kamu_SM_SSL_Kok_Sertifikasi_-_Surum_1.pem: Symbolic link
dh157_python_3_12_slim/etc/ssl/certs/D-TRUST_Root_Class_3_CA_2_EV_2009.pem: Symbolic link
dh157_python_3_12_slim/etc/ssl/certs/b81b93f0.0: Symbolic link
dh157_python_3_12_slim/etc/ssl/certs/b433981b.0: Symbolic link
dh157_python_3_12_slim/etc/ssl/certs/UCA_Extended_Validation_Root.pem: Symbolic link
dh157_python_3_12_slim/etc/ssl/certs/988a38cb.0: Symbolic link
dh157_python_3_12_slim/etc/ssl/certs/Entrust_Root_Certification_Authority_-_G4.pem: Symbolic link
dh157_python_3_12_slim/etc/ssl/certs/Buypass_Class_3_Root_CA.pem: Symbolic link
dh157_python_3_12_slim/etc/ssl/certs/Security_Communication_Root_CA.pem: Symbolic link
dh157_python_3_12_slim/etc/ssl/certs/AC_RAIZ_FNMT-RCM_SERVIDORES_SEGUROS.pem: Symbolic link
dh157_python_3_12_slim/etc/ssl/certs/e868b802.0: Symbolic link
dh157_python_3_12_slim/etc/ssl/certs/T-TeleSec_GlobalRoot_Class_3.pem: Symbolic link
dh157_python_3_12_slim/etc/ssl/certs/5ad8a5d6.0: Symbolic link
dh157_python_3_12_slim/etc/ssl/certs/DigiCert_Assured_ID_Root_CA.pem: Symbolic link
dh157_python_3_12_slim/etc/ssl/certs/ce5e74ef.0: Symbolic link
dh157_python_3_12_slim/etc/ssl/certs/GlobalSign_Root_CA_-_R3.pem: Symbolic link
dh157_python_3_12_slim/etc/ssl/certs/b727005e.0: Symbolic link
dh157_python_3_12_slim/etc/ssl/certs/Izenpe.com.pem: Symbolic link
dh157_python_3_12_slim/etc/ssl/certs/SecureTrust_CA.pem: Symbolic link
dh157_python_3_12_slim/etc/ssl/certs/a3418fda.0: Symbolic link
dh157_python_3_12_slim/etc/ssl/certs/064e0aa9.0: Symbolic link
dh157_python_3_12_slim/etc/ssl/certs/GlobalSign_Root_E46.pem: Symbolic link
dh157_python_3_12_slim/etc/ssl/certs/SecureSign_RootCA11.pem: Symbolic link
dh157_python_3_12_slim/etc/ssl/certs/Secure_Global_CA.pem: Symbolic link
dh157_python_3_12_slim/etc/ssl/certs/D-TRUST_Root_Class_3_CA_2_2009.pem: Symbolic link
dh157_python_3_12_slim/etc/ssl/certs/a94d09e5.0: Symbolic link
dh157_python_3_12_slim/etc/ssl/certs/b66938e9.0: Symbolic link
dh157_python_3_12_slim/etc/ssl/certs/Microsoft_RSA_Root_Certificate_Authority_2017.pem: Symbolic link
dh157_python_3_12_slim/etc/ssl/certs/DigiCert_Global_Root_G2.pem: Symbolic link
dh157_python_3_12_slim/etc/ssl/certs/90c5a3c8.0: Symbolic link
dh157_python_3_12_slim/etc/ssl/certs/06dc52d5.0: Symbolic link
dh157_python_3_12_slim/etc/ssl/certs/ff34af3f.0: Symbolic link
dh157_python_3_12_slim/etc/ssl/certs/3fb36b73.0: Symbolic link
dh157_python_3_12_slim/etc/ssl/certs/cd58d51e.0: Symbolic link
dh157_python_3_12_slim/etc/ssl/certs/GlobalSign_ECC_Root_CA_-_R4.pem: Symbolic link
dh157_python_3_12_slim/etc/ssl/certs/b7a5b843.0: Symbolic link
dh157_python_3_12_slim/etc/ssl/certs/e73d606e.0: Symbolic link
dh157_python_3_12_slim/etc/ssl/certs/emSign_ECC_Root_CA_-_C3.pem: Symbolic link
dh157_python_3_12_slim/etc/ssl/certs/emSign_ECC_Root_CA_-_G3.pem: Symbolic link
dh157_python_3_12_slim/etc/ssl/certs/GlobalSign_Root_CA.pem: Symbolic link
dh157_python_3_12_slim/etc/ssl/certs/Trustwave_Global_Certification_Authority.pem: Symbolic link
dh157_python_3_12_slim/etc/ssl/certs/vTrus_Root_CA.pem: Symbolic link
dh157_python_3_12_slim/etc/ssl/certs/8d89cda1.0: Symbolic link
dh157_python_3_12_slim/etc/ssl/certs/9f727ac7.0: Symbolic link
dh157_python_3_12_slim/etc/ssl/certs/1e08bfd1.0: Symbolic link
dh157_python_3_12_slim/etc/ssl/certs/66445960.0: Symbolic link
dh157_python_3_12_slim/etc/ssl/certs/Atos_TrustedRoot_2011.pem: Symbolic link
dh157_python_3_12_slim/etc/ssl/certs/5d3033c5.0: Symbolic link
dh157_python_3_12_slim/etc/ssl/certs/NetLock_Arany_=Class_Gold=_Főtanúsítvány.pem: Symbolic link
dh157_python_3_12_slim/etc/ssl/certs/fd64f3fc.0: Symbolic link
dh157_python_3_12_slim/etc/ssl/certs/09789157.0: Symbolic link
dh157_python_3_12_slim/etc/ssl/certs/d52c538d.0: Symbolic link
dh157_python_3_12_slim/etc/ssl/certs/eed8c118.0: Symbolic link
dh157_python_3_12_slim/etc/ssl/certs/cbf06781.0: Symbolic link
dh157_python_3_12_slim/etc/ssl/certs/Trustwave_Global_ECC_P256_Certification_Authority.pem: Symbolic link
dh157_python_3_12_slim/etc/ssl/certs/6b99d060.0: Symbolic link
dh157_python_3_12_slim/etc/ssl/certs/Autoridad_de_Certificacion_Firmaprofesional_CIF_A62634068.pem: Symbolic link
dh157_python_3_12_slim/etc/ssl/certs/HARICA_TLS_ECC_Root_CA_2021.pem: Symbolic link
dh157_python_3_12_slim/etc/ssl/certs/DigiCert_Trusted_Root_G4.pem: Symbolic link
dh157_python_3_12_slim/etc/ssl/certs/IdenTrust_Commercial_Root_CA_1.pem: Symbolic link
dh157_python_3_12_slim/etc/ssl/certs/feffd413.0: Symbolic link
dh157_python_3_12_slim/etc/ssl/certs/062cdee6.0: Symbolic link
dh157_python_3_12_slim/etc/ssl/certs/0b1b94ef.0: Symbolic link
dh157_python_3_12_slim/etc/ssl/certs/XRamp_Global_CA_Root.pem: Symbolic link
dh157_python_3_12_slim/etc/ssl/certs/Certigna.pem: Symbolic link
dh157_python_3_12_slim/etc/ssl/certs/OISTE_WISeKey_Global_Root_GB_CA.pem: Symbolic link
dh157_python_3_12_slim/etc/ssl/certs/f387163d.0: Symbolic link
dh157_python_3_12_slim/etc/ssl/certs/76faf6c0.0: Symbolic link
dh157_python_3_12_slim/etc/ssl/certs/GTS_Root_R4.pem: Symbolic link
dh157_python_3_12_slim/etc/ssl/certs/AffirmTrust_Premium.pem: Symbolic link
dh157_python_3_12_slim/etc/ssl/certs/Buypass_Class_2_Root_CA.pem: Symbolic link
dh157_python_3_12_slim/etc/ssl/certs/Entrust.net_Premium_2048_Secure_Server_CA.pem: Symbolic link
dh157_python_3_12_slim/etc/ssl/certs/68dd7389.0: Symbolic link
dh157_python_3_12_slim/etc/ssl/certs/GlobalSign_Root_R46.pem: Symbolic link
dh157_python_3_12_slim/etc/ssl/certs/18856ac4.0: Symbolic link
dh157_python_3_12_slim/etc/ssl/certs/Certigna_Root_CA.pem: Symbolic link
dh157_python_3_12_slim/etc/ssl/certs/Comodo_AAA_Services_root.pem: Symbolic link
dh157_python_3_12_slim/etc/ssl/certs/GTS_Root_R2.pem: Symbolic link
dh157_python_3_12_slim/etc/ssl/certs/54657681.0: Symbolic link
dh157_python_3_12_slim/etc/ssl/certs/d887a5bb.0: Symbolic link
dh157_python_3_12_slim/etc/ssl/certs/certSIGN_Root_CA_G2.pem: Symbolic link
dh157_python_3_12_slim/etc/ssl/certs/8f103249.0: Symbolic link
dh157_python_3_12_slim/etc/ssl/certs/02265526.0: Symbolic link
dh157_python_3_12_slim/etc/ssl/certs/Autoridad_de_Certificacion_Firmaprofesional_CIF_A62634068_2.pem: Symbolic link
dh157_python_3_12_slim/etc/ssl/certs/4f316efb.0: Symbolic link
dh157_python_3_12_slim/etc/ssl/certs/Amazon_Root_CA_3.pem: Symbolic link
dh157_python_3_12_slim/etc/ssl/certs/Security_Communication_RootCA2.pem: Symbolic link
dh157_python_3_12_slim/etc/ssl/certs/ACCVRAIZ1.pem: Symbolic link
dh157_python_3_12_slim/etc/ssl/certs/ca6e4ad9.0: Symbolic link
dh157_python_3_12_slim/etc/ssl/certs/Security_Communication_ECC_RootCA1.pem: Symbolic link
dh157_python_3_12_slim/etc/ssl/certs/GLOBALTRUST_2020.pem: Symbolic link
dh157_python_3_12_slim/etc/ssl/certs/Certum_Trusted_Root_CA.pem: Symbolic link
dh157_python_3_12_slim/etc/ssl/certs/TrustCor_RootCert_CA-2.pem: Symbolic link
dh157_python_3_12_slim/etc/ssl/certs/0a775a30.0: Symbolic link
dh157_python_3_12_slim/etc/ssl/certs/SSL.com_Root_Certification_Authority_RSA.pem: Symbolic link
dh157_python_3_12_slim/etc/ssl/certs/607986c7.0: Symbolic link
dh157_python_3_12_slim/etc/ssl/certs/COMODO_ECC_Certification_Authority.pem: Symbolic link
dh157_python_3_12_slim/etc/ssl/certs/D-TRUST_BR_Root_CA_1_2020.pem: Symbolic link
dh157_python_3_12_slim/etc/ssl/certs/GDCA_TrustAUTH_R5_ROOT.pem: Symbolic link
dh157_python_3_12_slim/etc/ssl/certs/75d1b2ed.0: Symbolic link
dh157_python_3_12_slim/etc/ssl/certs/emSign_Root_CA_-_G1.pem: Symbolic link
dh157_python_3_12_slim/etc/ssl/certs/TrustCor_ECA-1.pem: Symbolic link
dh157_python_3_12_slim/etc/ssl/certs/dd8e9d41.0: Symbolic link
dh157_python_3_12_slim/etc/ssl/certs/f51bb24c.0: Symbolic link
dh157_python_3_12_slim/etc/ssl/certs/GlobalSign_ECC_Root_CA_-_R5.pem: Symbolic link
dh157_python_3_12_slim/etc/ssl/certs/e35234b1.0: Symbolic link
dh157_python_3_12_slim/etc/ssl/certs/Entrust_Root_Certification_Authority.pem: Symbolic link
dh157_python_3_12_slim/etc/ssl/certs/E-Tugra_Global_Root_CA_ECC_v3.pem: Symbolic link
dh157_python_3_12_slim/etc/ssl/certs/vTrus_ECC_Root_CA.pem: Symbolic link
dh157_python_3_12_slim/etc/ssl/certs/Hellenic_Academic_and_Research_Institutions_RootCA_2015.pem: Symbolic link
dh157_python_3_12_slim/etc/ssl/certs/SwissSign_Gold_CA_-_G2.pem: Symbolic link
dh157_python_3_12_slim/etc/ssl/certs/5f618aec.0: Symbolic link
dh157_python_3_12_slim/etc/ssl/certs/USERTrust_ECC_Certification_Authority.pem: Symbolic link
dh157_python_3_12_slim/etc/ssl/certs/cc450945.0: Symbolic link
dh157_python_3_12_slim/etc/ssl/certs/f249de83.0: Symbolic link
dh157_python_3_12_slim/etc/ssl/certs/UCA_Global_G2_Root.pem: Symbolic link
dh157_python_3_12_slim/etc/ssl/certs/Certum_Trusted_Network_CA_2.pem: Symbolic link
dh157_python_3_12_slim/etc/ssl/certs/106f3e4d.0: Symbolic link
dh157_python_3_12_slim/etc/ssl/certs/ISRG_Root_X1.pem: Symbolic link
dh157_python_3_12_slim/etc/ssl/certs/GTS_Root_R1.pem: Symbolic link
dh157_python_3_12_slim/etc/ssl/certs/DigiCert_TLS_RSA4096_Root_G5.pem: Symbolic link
dh157_python_3_12_slim/etc/ssl/certs/Certum_EC-384_CA.pem: Symbolic link
dh157_python_3_12_slim/etc/ssl/certs/0b9bc432.0: Symbolic link
dh157_python_3_12_slim/etc/ssl/certs/AffirmTrust_Commercial.pem: Symbolic link
dh157_python_3_12_slim/etc/ssl/certs/3bde41ac.0: Symbolic link
dh157_python_3_12_slim/etc/ssl/certs/5860aaa6.0: Symbolic link
dh157_python_3_12_slim/etc/rc0.d/K01hwclock.sh: Symbolic link
/home/uwe/Documents/UWE/CSE/Assessment_Applications/Poisioned_Base_Images/Python/Docker_PoCs/Ghost_Edit+Binary_Passthrough/scan_results/ClamAV/dh157_python_3_12_slim/etc/environment: Empty file
/home/uwe/Documents/UWE/CSE/Assessment_Applications/Poisioned_Base_Images/Python/Docker_PoCs/Ghost_Edit+Binary_Passthrough/scan_results/ClamAV/dh157_python_3_12_slim/etc/subgid: Empty file
dh157_python_3_12_slim/etc/alternatives/which.pl1.gz: Symbolic link
dh157_python_3_12_slim/etc/alternatives/rmt: Symbolic link
dh157_python_3_12_slim/etc/alternatives/pager: Symbolic link
dh157_python_3_12_slim/etc/alternatives/which.es1.gz: Symbolic link
dh157_python_3_12_slim/etc/alternatives/which.it1.gz: Symbolic link
dh157_python_3_12_slim/etc/alternatives/which.de1.gz: Symbolic link
dh157_python_3_12_slim/etc/alternatives/awk.1.gz: Symbolic link
dh157_python_3_12_slim/etc/alternatives/nawk: Symbolic link
dh157_python_3_12_slim/etc/alternatives/builtins.7.gz: Symbolic link
dh157_python_3_12_slim/etc/alternatives/rmt.8.gz: Symbolic link
dh157_python_3_12_slim/etc/alternatives/nawk.1.gz: Symbolic link
dh157_python_3_12_slim/etc/alternatives/pager.1.gz: Symbolic link
dh157_python_3_12_slim/etc/alternatives/awk: Symbolic link
dh157_python_3_12_slim/etc/alternatives/which.1.gz: Symbolic link
dh157_python_3_12_slim/etc/alternatives/which.sl1.gz: Symbolic link
dh157_python_3_12_slim/etc/alternatives/which.ja1.gz: Symbolic link
dh157_python_3_12_slim/etc/alternatives/which.fr1.gz: Symbolic link
dh157_python_3_12_slim/etc/alternatives/which: Symbolic link
dh157_python_3_12_slim/etc/dpkg/origins/default: Symbolic link
dh157_python_3_12_slim/etc/rc6.d/K01hwclock.sh: Symbolic link
/home/uwe/Documents/UWE/CSE/Assessment_Applications/Poisioned_Base_Images/Python/Docker_PoCs/Ghost_Edit+Binary_Passthrough/scan_results/ClamAV/dh157_python_3_12_slim/etc/.pwd.lock: Empty file
/home/uwe/Documents/UWE/CSE/Assessment_Applications/Poisioned_Base_Images/Python/Docker_PoCs/Ghost_Edit+Binary_Passthrough/scan_results/ClamAV/dh157_python_3_12_slim/etc/resolv.conf: Empty file
dh157_python_3_12_slim/etc/os-release: Symbolic link
/home/uwe/Documents/UWE/CSE/Assessment_Applications/Poisioned_Base_Images/Python/Docker_PoCs/Ghost_Edit+Binary_Passthrough/scan_results/ClamAV/dh157_python_3_12_slim/etc/hostname: Empty file
dh157_python_3_12_slim/etc/localtime: Symbolic link
dh157_python_3_12_slim/etc/systemd/system/multi-user.target.wants/e2scrub_reap.service: Symbolic link
dh157_python_3_12_slim/etc/systemd/system/timers.target.wants/fstrim.timer: Symbolic link
dh157_python_3_12_slim/etc/systemd/system/timers.target.wants/apt-daily.timer: Symbolic link
dh157_python_3_12_slim/etc/systemd/system/timers.target.wants/dpkg-db-backup.timer: Symbolic link
dh157_python_3_12_slim/etc/systemd/system/timers.target.wants/apt-daily-upgrade.timer: Symbolic link
dh157_python_3_12_slim/etc/systemd/system/timers.target.wants/e2scrub_all.timer: Symbolic link
/home/uwe/Documents/UWE/CSE/Assessment_Applications/Poisioned_Base_Images/Python/Docker_PoCs/Ghost_Edit+Binary_Passthrough/scan_results/ClamAV/dh157_python_3_12_slim/etc/security/opasswd: Empty file
/home/uwe/Documents/UWE/CSE/Assessment_Applications/Poisioned_Base_Images/Python/Docker_PoCs/Ghost_Edit+Binary_Passthrough/scan_results/ClamAV/dh157_python_3_12_slim/etc/hosts: Empty file
dh157_python_3_12_slim/usr/local/bin/python: Symbolic link
dh157_python_3_12_slim/usr/local/bin/2to3: Symbolic link
dh157_python_3_12_slim/usr/local/bin/python-config: Symbolic link
dh157_python_3_12_slim/usr/local/bin/idle3: Symbolic link
dh157_python_3_12_slim/usr/local/bin/pydoc: Symbolic link
dh157_python_3_12_slim/usr/local/bin/idle: Symbolic link
dh157_python_3_12_slim/usr/local/bin/pydoc3: Symbolic link
dh157_python_3_12_slim/usr/local/bin/python3-config: Symbolic link
dh157_python_3_12_slim/usr/local/man: Symbolic link
dh157_python_3_12_slim/usr/local/share/man/man1/python3.1: Symbolic link
/home/uwe/Documents/UWE/CSE/Assessment_Applications/Poisioned_Base_Images/Python/Docker_PoCs/Ghost_Edit+Binary_Passthrough/scan_results/ClamAV/dh157_python_3_12_slim/usr/local/lib/python3.12/site-packages/pkg_resources/py.typed: Empty file
/home/uwe/Documents/UWE/CSE/Assessment_Applications/Poisioned_Base_Images/Python/Docker_PoCs/Ghost_Edit+Binary_Passthrough/scan_results/ClamAV/dh157_python_3_12_slim/usr/local/lib/python3.12/site-packages/pkg_resources/tests/__init__.py: Empty file
/home/uwe/Documents/UWE/CSE/Assessment_Applications/Poisioned_Base_Images/Python/Docker_PoCs/Ghost_Edit+Binary_Passthrough/scan_results/ClamAV/dh157_python_3_12_slim/usr/local/lib/python3.12/site-packages/pkg_resources/tests/data/my-test-package-source/setup.cfg: Empty file
/home/uwe/Documents/UWE/CSE/Assessment_Applications/Poisioned_Base_Images/Python/Docker_PoCs/Ghost_Edit+Binary_Passthrough/scan_results/ClamAV/dh157_python_3_12_slim/usr/local/lib/python3.12/site-packages/pip-24.2.dist-info/REQUESTED: Empty file
/home/uwe/Documents/UWE/CSE/Assessment_Applications/Poisioned_Base_Images/Python/Docker_PoCs/Ghost_Edit+Binary_Passthrough/scan_results/ClamAV/dh157_python_3_12_slim/usr/local/lib/python3.12/site-packages/setuptools-72.1.0.dist-info/REQUESTED: Empty file
/home/uwe/Documents/UWE/CSE/Assessment_Applications/Poisioned_Base_Images/Python/Docker_PoCs/Ghost_Edit+Binary_Passthrough/scan_results/ClamAV/dh157_python_3_12_slim/usr/local/lib/python3.12/site-packages/pip/_vendor/packaging/py.typed: Empty file
/home/uwe/Documents/UWE/CSE/Assessment_Applications/Poisioned_Base_Images/Python/Docker_PoCs/Ghost_Edit+Binary_Passthrough/scan_results/ClamAV/dh157_python_3_12_slim/usr/local/lib/python3.12/site-packages/pip/_vendor/certifi/py.typed: Empty file
/home/uwe/Documents/UWE/CSE/Assessment_Applications/Poisioned_Base_Images/Python/Docker_PoCs/Ghost_Edit+Binary_Passthrough/scan_results/ClamAV/dh157_python_3_12_slim/usr/local/lib/python3.12/site-packages/pip/_vendor/urllib3/packages/__init__.py: Empty file
/home/uwe/Documents/UWE/CSE/Assessment_Applications/Poisioned_Base_Images/Python/Docker_PoCs/Ghost_Edit+Binary_Passthrough/scan_results/ClamAV/dh157_python_3_12_slim/usr/local/lib/python3.12/site-packages/pip/_vendor/urllib3/packages/backports/__init__.py: Empty file
/home/uwe/Documents/UWE/CSE/Assessment_Applications/Poisioned_Base_Images/Python/Docker_PoCs/Ghost_Edit+Binary_Passthrough/scan_results/ClamAV/dh157_python_3_12_slim/usr/local/lib/python3.12/site-packages/pip/_vendor/urllib3/contrib/_securetransport/__init__.py: Empty file
/home/uwe/Documents/UWE/CSE/Assessment_Applications/Poisioned_Base_Images/Python/Docker_PoCs/Ghost_Edit+Binary_Passthrough/scan_results/ClamAV/dh157_python_3_12_slim/usr/local/lib/python3.12/site-packages/pip/_vendor/urllib3/contrib/__init__.py: Empty file
/home/uwe/Documents/UWE/CSE/Assessment_Applications/Poisioned_Base_Images/Python/Docker_PoCs/Ghost_Edit+Binary_Passthrough/scan_results/ClamAV/dh157_python_3_12_slim/usr/local/lib/python3.12/site-packages/pip/_vendor/distro/py.typed: Empty file
/home/uwe/Documents/UWE/CSE/Assessment_Applications/Poisioned_Base_Images/Python/Docker_PoCs/Ghost_Edit+Binary_Passthrough/scan_results/ClamAV/dh157_python_3_12_slim/usr/local/lib/python3.12/site-packages/pip/_vendor/truststore/py.typed: Empty file
/home/uwe/Documents/UWE/CSE/Assessment_Applications/Poisioned_Base_Images/Python/Docker_PoCs/Ghost_Edit+Binary_Passthrough/scan_results/ClamAV/dh157_python_3_12_slim/usr/local/lib/python3.12/site-packages/pip/_vendor/rich/py.typed: Empty file
/home/uwe/Documents/UWE/CSE/Assessment_Applications/Poisioned_Base_Images/Python/Docker_PoCs/Ghost_Edit+Binary_Passthrough/scan_results/ClamAV/dh157_python_3_12_slim/usr/local/lib/python3.12/site-packages/pip/_vendor/cachecontrol/py.typed: Empty file
/home/uwe/Documents/UWE/CSE/Assessment_Applications/Poisioned_Base_Images/Python/Docker_PoCs/Ghost_Edit+Binary_Passthrough/scan_results/ClamAV/dh157_python_3_12_slim/usr/local/lib/python3.12/site-packages/pip/_vendor/platformdirs/py.typed: Empty file
/home/uwe/Documents/UWE/CSE/Assessment_Applications/Poisioned_Base_Images/Python/Docker_PoCs/Ghost_Edit+Binary_Passthrough/scan_results/ClamAV/dh157_python_3_12_slim/usr/local/lib/python3.12/site-packages/pip/_vendor/idna/py.typed: Empty file
/home/uwe/Documents/UWE/CSE/Assessment_Applications/Poisioned_Base_Images/Python/Docker_PoCs/Ghost_Edit+Binary_Passthrough/scan_results/ClamAV/dh157_python_3_12_slim/usr/local/lib/python3.12/site-packages/pip/_vendor/resolvelib/py.typed: Empty file
/home/uwe/Documents/UWE/CSE/Assessment_Applications/Poisioned_Base_Images/Python/Docker_PoCs/Ghost_Edit+Binary_Passthrough/scan_results/ClamAV/dh157_python_3_12_slim/usr/local/lib/python3.12/site-packages/pip/_vendor/resolvelib/compat/__init__.py: Empty file
/home/uwe/Documents/UWE/CSE/Assessment_Applications/Poisioned_Base_Images/Python/Docker_PoCs/Ghost_Edit+Binary_Passthrough/scan_results/ClamAV/dh157_python_3_12_slim/usr/local/lib/python3.12/site-packages/pip/_internal/resolution/__init__.py: Empty file
/home/uwe/Documents/UWE/CSE/Assessment_Applications/Poisioned_Base_Images/Python/Docker_PoCs/Ghost_Edit+Binary_Passthrough/scan_results/ClamAV/dh157_python_3_12_slim/usr/local/lib/python3.12/site-packages/pip/_internal/resolution/legacy/__init__.py: Empty file
/home/uwe/Documents/UWE/CSE/Assessment_Applications/Poisioned_Base_Images/Python/Docker_PoCs/Ghost_Edit+Binary_Passthrough/scan_results/ClamAV/dh157_python_3_12_slim/usr/local/lib/python3.12/site-packages/pip/_internal/resolution/resolvelib/__init__.py: Empty file
/home/uwe/Documents/UWE/CSE/Assessment_Applications/Poisioned_Base_Images/Python/Docker_PoCs/Ghost_Edit+Binary_Passthrough/scan_results/ClamAV/dh157_python_3_12_slim/usr/local/lib/python3.12/site-packages/pip/_internal/utils/__init__.py: Empty file
/home/uwe/Documents/UWE/CSE/Assessment_Applications/Poisioned_Base_Images/Python/Docker_PoCs/Ghost_Edit+Binary_Passthrough/scan_results/ClamAV/dh157_python_3_12_slim/usr/local/lib/python3.12/site-packages/pip/_internal/operations/__init__.py: Empty file
/home/uwe/Documents/UWE/CSE/Assessment_Applications/Poisioned_Base_Images/Python/Docker_PoCs/Ghost_Edit+Binary_Passthrough/scan_results/ClamAV/dh157_python_3_12_slim/usr/local/lib/python3.12/site-packages/pip/_internal/operations/build/__init__.py: Empty file
/home/uwe/Documents/UWE/CSE/Assessment_Applications/Poisioned_Base_Images/Python/Docker_PoCs/Ghost_Edit+Binary_Passthrough/scan_results/ClamAV/dh157_python_3_12_slim/usr/local/lib/python3.12/site-packages/wheel/vendored/packaging/__init__.py: Empty file
/home/uwe/Documents/UWE/CSE/Assessment_Applications/Poisioned_Base_Images/Python/Docker_PoCs/Ghost_Edit+Binary_Passthrough/scan_results/ClamAV/dh157_python_3_12_slim/usr/local/lib/python3.12/site-packages/wheel/vendored/__init__.py: Empty file
/home/uwe/Documents/UWE/CSE/Assessment_Applications/Poisioned_Base_Images/Python/Docker_PoCs/Ghost_Edit+Binary_Passthrough/scan_results/ClamAV/dh157_python_3_12_slim/usr/local/lib/python3.12/site-packages/wheel-0.44.0.dist-info/REQUESTED: Empty file
/home/uwe/Documents/UWE/CSE/Assessment_Applications/Poisioned_Base_Images/Python/Docker_PoCs/Ghost_Edit+Binary_Passthrough/scan_results/ClamAV/dh157_python_3_12_slim/usr/local/lib/python3.12/site-packages/setuptools/compat/__init__.py: Empty file
/home/uwe/Documents/UWE/CSE/Assessment_Applications/Poisioned_Base_Images/Python/Docker_PoCs/Ghost_Edit+Binary_Passthrough/scan_results/ClamAV/dh157_python_3_12_slim/usr/local/lib/python3.12/site-packages/setuptools/_vendor/packaging/py.typed: Empty file
/home/uwe/Documents/UWE/CSE/Assessment_Applications/Poisioned_Base_Images/Python/Docker_PoCs/Ghost_Edit+Binary_Passthrough/scan_results/ClamAV/dh157_python_3_12_slim/usr/local/lib/python3.12/site-packages/setuptools/_vendor/importlib_metadata/py.typed: Empty file
/home/uwe/Documents/UWE/CSE/Assessment_Applications/Poisioned_Base_Images/Python/Docker_PoCs/Ghost_Edit+Binary_Passthrough/scan_results/ClamAV/dh157_python_3_12_slim/usr/local/lib/python3.12/site-packages/setuptools/_vendor/importlib_metadata/compat/__init__.py: Empty file
/home/uwe/Documents/UWE/CSE/Assessment_Applications/Poisioned_Base_Images/Python/Docker_PoCs/Ghost_Edit+Binary_Passthrough/scan_results/ClamAV/dh157_python_3_12_slim/usr/local/lib/python3.12/site-packages/setuptools/_vendor/tomli-2.0.1.dist-info/REQUESTED: Empty file
/home/uwe/Documents/UWE/CSE/Assessment_Applications/Poisioned_Base_Images/Python/Docker_PoCs/Ghost_Edit+Binary_Passthrough/scan_results/ClamAV/dh157_python_3_12_slim/usr/local/lib/python3.12/site-packages/setuptools/_vendor/ordered_set/py.typed: Empty file
/home/uwe/Documents/UWE/CSE/Assessment_Applications/Poisioned_Base_Images/Python/Docker_PoCs/Ghost_Edit+Binary_Passthrough/scan_results/ClamAV/dh157_python_3_12_slim/usr/local/lib/python3.12/site-packages/setuptools/_vendor/more_itertools-10.3.0.dist-info/REQUESTED: Empty file
/home/uwe/Documents/UWE/CSE/Assessment_Applications/Poisioned_Base_Images/Python/Docker_PoCs/Ghost_Edit+Binary_Passthrough/scan_results/ClamAV/dh157_python_3_12_slim/usr/local/lib/python3.12/site-packages/setuptools/_vendor/backports/tarfile/compat/__init__.py: Empty file
/home/uwe/Documents/UWE/CSE/Assessment_Applications/Poisioned_Base_Images/Python/Docker_PoCs/Ghost_Edit+Binary_Passthrough/scan_results/ClamAV/dh157_python_3_12_slim/usr/local/lib/python3.12/site-packages/setuptools/_vendor/ordered_set-4.1.0.dist-info/REQUESTED: Empty file
/home/uwe/Documents/UWE/CSE/Assessment_Applications/Poisioned_Base_Images/Python/Docker_PoCs/Ghost_Edit+Binary_Passthrough/scan_results/ClamAV/dh157_python_3_12_slim/usr/local/lib/python3.12/site-packages/setuptools/_vendor/backports.tarfile-1.2.0.dist-info/REQUESTED: Empty file
/home/uwe/Documents/UWE/CSE/Assessment_Applications/Poisioned_Base_Images/Python/Docker_PoCs/Ghost_Edit+Binary_Passthrough/scan_results/ClamAV/dh157_python_3_12_slim/usr/local/lib/python3.12/site-packages/setuptools/_vendor/typeguard/py.typed: Empty file
/home/uwe/Documents/UWE/CSE/Assessment_Applications/Poisioned_Base_Images/Python/Docker_PoCs/Ghost_Edit+Binary_Passthrough/scan_results/ClamAV/dh157_python_3_12_slim/usr/local/lib/python3.12/site-packages/setuptools/_vendor/importlib_resources-6.4.0.dist-info/REQUESTED: Empty file
/home/uwe/Documents/UWE/CSE/Assessment_Applications/Poisioned_Base_Images/Python/Docker_PoCs/Ghost_Edit+Binary_Passthrough/scan_results/ClamAV/dh157_python_3_12_slim/usr/local/lib/python3.12/site-packages/setuptools/_vendor/wheel-0.43.0.dist-info/REQUESTED: Empty file
/home/uwe/Documents/UWE/CSE/Assessment_Applications/Poisioned_Base_Images/Python/Docker_PoCs/Ghost_Edit+Binary_Passthrough/scan_results/ClamAV/dh157_python_3_12_slim/usr/local/lib/python3.12/site-packages/setuptools/_vendor/zipp/compat/__init__.py: Empty file
/home/uwe/Documents/UWE/CSE/Assessment_Applications/Poisioned_Base_Images/Python/Docker_PoCs/Ghost_Edit+Binary_Passthrough/scan_results/ClamAV/dh157_python_3_12_slim/usr/local/lib/python3.12/site-packages/setuptools/_vendor/importlib_resources/py.typed: Empty file
/home/uwe/Documents/UWE/CSE/Assessment_Applications/Poisioned_Base_Images/Python/Docker_PoCs/Ghost_Edit+Binary_Passthrough/scan_results/ClamAV/dh157_python_3_12_slim/usr/local/lib/python3.12/site-packages/setuptools/_vendor/importlib_resources/compat/__init__.py: Empty file
/home/uwe/Documents/UWE/CSE/Assessment_Applications/Poisioned_Base_Images/Python/Docker_PoCs/Ghost_Edit+Binary_Passthrough/scan_results/ClamAV/dh157_python_3_12_slim/usr/local/lib/python3.12/site-packages/setuptools/_vendor/importlib_resources/tests/__init__.py: Empty file
/home/uwe/Documents/UWE/CSE/Assessment_Applications/Poisioned_Base_Images/Python/Docker_PoCs/Ghost_Edit+Binary_Passthrough/scan_results/ClamAV/dh157_python_3_12_slim/usr/local/lib/python3.12/site-packages/setuptools/_vendor/importlib_resources/tests/data02/__init__.py: Empty file
/home/uwe/Documents/UWE/CSE/Assessment_Applications/Poisioned_Base_Images/Python/Docker_PoCs/Ghost_Edit+Binary_Passthrough/scan_results/ClamAV/dh157_python_3_12_slim/usr/local/lib/python3.12/site-packages/setuptools/_vendor/importlib_resources/tests/data02/one/__init__.py: Empty file
/home/uwe/Documents/UWE/CSE/Assessment_Applications/Poisioned_Base_Images/Python/Docker_PoCs/Ghost_Edit+Binary_Passthrough/scan_results/ClamAV/dh157_python_3_12_slim/usr/local/lib/python3.12/site-packages/setuptools/_vendor/importlib_resources/tests/data02/two/__init__.py: Empty file
/home/uwe/Documents/UWE/CSE/Assessment_Applications/Poisioned_Base_Images/Python/Docker_PoCs/Ghost_Edit+Binary_Passthrough/scan_results/ClamAV/dh157_python_3_12_slim/usr/local/lib/python3.12/site-packages/setuptools/_vendor/importlib_resources/tests/compat/__init__.py: Empty file
/home/uwe/Documents/UWE/CSE/Assessment_Applications/Poisioned_Base_Images/Python/Docker_PoCs/Ghost_Edit+Binary_Passthrough/scan_results/ClamAV/dh157_python_3_12_slim/usr/local/lib/python3.12/site-packages/setuptools/_vendor/importlib_resources/tests/data01/__init__.py: Empty file
/home/uwe/Documents/UWE/CSE/Assessment_Applications/Poisioned_Base_Images/Python/Docker_PoCs/Ghost_Edit+Binary_Passthrough/scan_results/ClamAV/dh157_python_3_12_slim/usr/local/lib/python3.12/site-packages/setuptools/_vendor/importlib_resources/tests/data01/subdirectory/__init__.py: Empty file
/home/uwe/Documents/UWE/CSE/Assessment_Applications/Poisioned_Base_Images/Python/Docker_PoCs/Ghost_Edit+Binary_Passthrough/scan_results/ClamAV/dh157_python_3_12_slim/usr/local/lib/python3.12/site-packages/setuptools/_vendor/importlib_resources/future/__init__.py: Empty file
/home/uwe/Documents/UWE/CSE/Assessment_Applications/Poisioned_Base_Images/Python/Docker_PoCs/Ghost_Edit+Binary_Passthrough/scan_results/ClamAV/dh157_python_3_12_slim/usr/local/lib/python3.12/site-packages/setuptools/_vendor/platformdirs-4.2.2.dist-info/REQUESTED: Empty file
/home/uwe/Documents/UWE/CSE/Assessment_Applications/Poisioned_Base_Images/Python/Docker_PoCs/Ghost_Edit+Binary_Passthrough/scan_results/ClamAV/dh157_python_3_12_slim/usr/local/lib/python3.12/site-packages/setuptools/_vendor/jaraco.text-3.12.1.dist-info/REQUESTED: Empty file
/home/uwe/Documents/UWE/CSE/Assessment_Applications/Poisioned_Base_Images/Python/Docker_PoCs/Ghost_Edit+Binary_Passthrough/scan_results/ClamAV/dh157_python_3_12_slim/usr/local/lib/python3.12/site-packages/setuptools/_vendor/platformdirs/py.typed: Empty file
/home/uwe/Documents/UWE/CSE/Assessment_Applications/Poisioned_Base_Images/Python/Docker_PoCs/Ghost_Edit+Binary_Passthrough/scan_results/ClamAV/dh157_python_3_12_slim/usr/local/lib/python3.12/site-packages/setuptools/_vendor/more_itertools/py.typed: Empty file
/home/uwe/Documents/UWE/CSE/Assessment_Applications/Poisioned_Base_Images/Python/Docker_PoCs/Ghost_Edit+Binary_Passthrough/scan_results/ClamAV/dh157_python_3_12_slim/usr/local/lib/python3.12/site-packages/setuptools/_vendor/importlib_metadata-8.0.0.dist-info/REQUESTED: Empty file
/home/uwe/Documents/UWE/CSE/Assessment_Applications/Poisioned_Base_Images/Python/Docker_PoCs/Ghost_Edit+Binary_Passthrough/scan_results/ClamAV/dh157_python_3_12_slim/usr/local/lib/python3.12/site-packages/setuptools/_vendor/wheel/vendored/packaging/__init__.py: Empty file
/home/uwe/Documents/UWE/CSE/Assessment_Applications/Poisioned_Base_Images/Python/Docker_PoCs/Ghost_Edit+Binary_Passthrough/scan_results/ClamAV/dh157_python_3_12_slim/usr/local/lib/python3.12/site-packages/setuptools/_vendor/wheel/vendored/__init__.py: Empty file
/home/uwe/Documents/UWE/CSE/Assessment_Applications/Poisioned_Base_Images/Python/Docker_PoCs/Ghost_Edit+Binary_Passthrough/scan_results/ClamAV/dh157_python_3_12_slim/usr/local/lib/python3.12/site-packages/setuptools/_vendor/packaging-24.1.dist-info/REQUESTED: Empty file
/home/uwe/Documents/UWE/CSE/Assessment_Applications/Poisioned_Base_Images/Python/Docker_PoCs/Ghost_Edit+Binary_Passthrough/scan_results/ClamAV/dh157_python_3_12_slim/usr/local/lib/python3.12/site-packages/setuptools/_vendor/inflect/py.typed: Empty file
/home/uwe/Documents/UWE/CSE/Assessment_Applications/Poisioned_Base_Images/Python/Docker_PoCs/Ghost_Edit+Binary_Passthrough/scan_results/ClamAV/dh157_python_3_12_slim/usr/local/lib/python3.12/site-packages/setuptools/_vendor/inflect/compat/__init__.py: Empty file
/home/uwe/Documents/UWE/CSE/Assessment_Applications/Poisioned_Base_Images/Python/Docker_PoCs/Ghost_Edit+Binary_Passthrough/scan_results/ClamAV/dh157_python_3_12_slim/usr/local/lib/python3.12/site-packages/setuptools/_vendor/jaraco/functools/py.typed: Empty file
/home/uwe/Documents/UWE/CSE/Assessment_Applications/Poisioned_Base_Images/Python/Docker_PoCs/Ghost_Edit+Binary_Passthrough/scan_results/ClamAV/dh157_python_3_12_slim/usr/local/lib/python3.12/site-packages/setuptools/_vendor/zipp-3.19.2.dist-info/REQUESTED: Empty file
/home/uwe/Documents/UWE/CSE/Assessment_Applications/Poisioned_Base_Images/Python/Docker_PoCs/Ghost_Edit+Binary_Passthrough/scan_results/ClamAV/dh157_python_3_12_slim/usr/local/lib/python3.12/site-packages/setuptools/tests/config/__init__.py: Empty file
/home/uwe/Documents/UWE/CSE/Assessment_Applications/Poisioned_Base_Images/Python/Docker_PoCs/Ghost_Edit+Binary_Passthrough/scan_results/ClamAV/dh157_python_3_12_slim/usr/local/lib/python3.12/site-packages/setuptools/tests/integration/__init__.py: Empty file
/home/uwe/Documents/UWE/CSE/Assessment_Applications/Poisioned_Base_Images/Python/Docker_PoCs/Ghost_Edit+Binary_Passthrough/scan_results/ClamAV/dh157_python_3_12_slim/usr/local/lib/python3.12/site-packages/setuptools/tests/compat/__init__.py: Empty file
/home/uwe/Documents/UWE/CSE/Assessment_Applications/Poisioned_Base_Images/Python/Docker_PoCs/Ghost_Edit+Binary_Passthrough/scan_results/ClamAV/dh157_python_3_12_slim/usr/local/lib/python3.12/site-packages/setuptools/_distutils/_vendor/packaging/py.typed: Empty file
/home/uwe/Documents/UWE/CSE/Assessment_Applications/Poisioned_Base_Images/Python/Docker_PoCs/Ghost_Edit+Binary_Passthrough/scan_results/ClamAV/dh157_python_3_12_slim/usr/local/lib/python3.12/site-packages/setuptools/_distutils/_vendor/__init__.py: Empty file
/home/uwe/Documents/UWE/CSE/Assessment_Applications/Poisioned_Base_Images/Python/Docker_PoCs/Ghost_Edit+Binary_Passthrough/scan_results/ClamAV/dh157_python_3_12_slim/usr/local/lib/python3.12/site-packages/setuptools/_distutils/tests/compat/__init__.py: Empty file
/home/uwe/Documents/UWE/CSE/Assessment_Applications/Poisioned_Base_Images/Python/Docker_PoCs/Ghost_Edit+Binary_Passthrough/scan_results/ClamAV/dh157_python_3_12_slim/usr/local/lib/python3.12/site-packages/setuptools/_distutils/tests/test_versionpredicate.py: Empty file
/home/uwe/Documents/UWE/CSE/Assessment_Applications/Poisioned_Base_Images/Python/Docker_PoCs/Ghost_Edit+Binary_Passthrough/scan_results/ClamAV/dh157_python_3_12_slim/usr/local/lib/python3.12/urllib/__init__.py: Empty file
/home/uwe/Documents/UWE/CSE/Assessment_Applications/Poisioned_Base_Images/Python/Docker_PoCs/Ghost_Edit+Binary_Passthrough/scan_results/ClamAV/dh157_python_3_12_slim/usr/local/lib/python3.12/pydoc_data/__init__.py: Empty file
/home/uwe/Documents/UWE/CSE/Assessment_Applications/Poisioned_Base_Images/Python/Docker_PoCs/Ghost_Edit+Binary_Passthrough/scan_results/ClamAV/dh157_python_3_12_slim/usr/local/lib/python3.12/email/mime/__init__.py: Empty file
dh157_python_3_12_slim/usr/local/lib/pkgconfig/python3-embed.pc: Symbolic link
dh157_python_3_12_slim/usr/local/lib/pkgconfig/python3.pc: Symbolic link
dh157_python_3_12_slim/usr/local/lib/libpython3.12.so: Symbolic link
dh157_python_3_12_slim/usr/bin/infotocap: Symbolic link
dh157_python_3_12_slim/usr/bin/captoinfo: Symbolic link
dh157_python_3_12_slim/usr/bin/ypdomainname: Symbolic link
dh157_python_3_12_slim/usr/bin/pager: Symbolic link
dh157_python_3_12_slim/usr/bin/pidof: Symbolic link
dh157_python_3_12_slim/usr/bin/reset: Symbolic link
dh157_python_3_12_slim/usr/bin/domainname: Symbolic link
dh157_python_3_12_slim/usr/bin/ld.so: Symbolic link
dh157_python_3_12_slim/usr/bin/nawk: Symbolic link
dh157_python_3_12_slim/usr/bin/sg: Symbolic link
dh157_python_3_12_slim/usr/bin/sh: Symbolic link
dh157_python_3_12_slim/usr/bin/i386: Symbolic link
dh157_python_3_12_slim/usr/bin/linux32: Symbolic link
dh157_python_3_12_slim/usr/bin/linux64: Symbolic link
dh157_python_3_12_slim/usr/bin/dnsdomainname: Symbolic link
dh157_python_3_12_slim/usr/bin/lastb: Symbolic link
dh157_python_3_12_slim/usr/bin/md5sum.textutils: Symbolic link
dh157_python_3_12_slim/usr/bin/awk: Symbolic link
dh157_python_3_12_slim/usr/bin/which: Symbolic link
dh157_python_3_12_slim/usr/bin/x86_64: Symbolic link
dh157_python_3_12_slim/usr/bin/nisdomainname: Symbolic link
dh157_python_3_12_slim/usr/bin/rbash: Symbolic link
dh157_python_3_12_slim/usr/sbin/rmt: Symbolic link
dh157_python_3_12_slim/usr/sbin/cpgr: Symbolic link
dh157_python_3_12_slim/usr/sbin/fsck.ext4: Symbolic link
dh157_python_3_12_slim/usr/sbin/getty: Symbolic link
dh157_python_3_12_slim/usr/sbin/mkfs.ext3: Symbolic link
dh157_python_3_12_slim/usr/sbin/fsck.ext2: Symbolic link
dh157_python_3_12_slim/usr/sbin/fsck.ext3: Symbolic link
dh157_python_3_12_slim/usr/sbin/e2mmpstatus: Symbolic link
dh157_python_3_12_slim/usr/sbin/delgroup: Symbolic link
dh157_python_3_12_slim/usr/sbin/addgroup: Symbolic link
dh157_python_3_12_slim/usr/sbin/mkfs.ext2: Symbolic link
dh157_python_3_12_slim/usr/sbin/vigr: Symbolic link
dh157_python_3_12_slim/usr/sbin/mkfs.ext4: Symbolic link
dh157_python_3_12_slim/usr/sbin/e2label: Symbolic link
dh157_python_3_12_slim/usr/lib64/ld-linux-x86-64.so.2: Symbolic link
dh157_python_3_12_slim/usr/share/common-licenses/GPL: Symbolic link
dh157_python_3_12_slim/usr/share/common-licenses/GFDL: Symbolic link
dh157_python_3_12_slim/usr/share/common-licenses/LGPL: Symbolic link
dh157_python_3_12_slim/usr/share/zoneinfo/Iran: Symbolic link
dh157_python_3_12_slim/usr/share/zoneinfo/Universal: Symbolic link
dh157_python_3_12_slim/usr/share/zoneinfo/Poland: Symbolic link
dh157_python_3_12_slim/usr/share/zoneinfo/Kwajalein: Symbolic link
dh157_python_3_12_slim/usr/share/zoneinfo/GB: Symbolic link
dh157_python_3_12_slim/usr/share/zoneinfo/Japan: Symbolic link
dh157_python_3_12_slim/usr/share/zoneinfo/Chile/EasterIsland: Symbolic link
dh157_python_3_12_slim/usr/share/zoneinfo/Chile/Continental: Symbolic link
dh157_python_3_12_slim/usr/share/zoneinfo/Singapore: Symbolic link
dh157_python_3_12_slim/usr/share/zoneinfo/GMT0: Symbolic link
dh157_python_3_12_slim/usr/share/zoneinfo/Iceland: Symbolic link
dh157_python_3_12_slim/usr/share/zoneinfo/Portugal: Symbolic link
dh157_python_3_12_slim/usr/share/zoneinfo/Hongkong: Symbolic link
dh157_python_3_12_slim/usr/share/zoneinfo/Jamaica: Symbolic link
dh157_python_3_12_slim/usr/share/zoneinfo/PRC: Symbolic link
dh157_python_3_12_slim/usr/share/zoneinfo/GMT: Symbolic link
dh157_python_3_12_slim/usr/share/zoneinfo/Antarctica/South_Pole: Symbolic link
dh157_python_3_12_slim/usr/share/zoneinfo/Arctic/Longyearbyen: Symbolic link
dh157_python_3_12_slim/usr/share/zoneinfo/Turkey: Symbolic link
dh157_python_3_12_slim/usr/share/zoneinfo/Cuba: Symbolic link
dh157_python_3_12_slim/usr/share/zoneinfo/Australia/Queensland: Symbolic link
dh157_python_3_12_slim/usr/share/zoneinfo/Australia/LHI: Symbolic link
dh157_python_3_12_slim/usr/share/zoneinfo/Australia/ACT: Symbolic link
dh157_python_3_12_slim/usr/share/zoneinfo/Australia/Canberra: Symbolic link
dh157_python_3_12_slim/usr/share/zoneinfo/Australia/South: Symbolic link
dh157_python_3_12_slim/usr/share/zoneinfo/Australia/West: Symbolic link
dh157_python_3_12_slim/usr/share/zoneinfo/Australia/North: Symbolic link
dh157_python_3_12_slim/usr/share/zoneinfo/Australia/Yancowinna: Symbolic link
dh157_python_3_12_slim/usr/share/zoneinfo/Australia/NSW: Symbolic link
dh157_python_3_12_slim/usr/share/zoneinfo/Australia/Tasmania: Symbolic link
dh157_python_3_12_slim/usr/share/zoneinfo/Australia/Currie: Symbolic link
dh157_python_3_12_slim/usr/share/zoneinfo/Australia/Victoria: Symbolic link
dh157_python_3_12_slim/usr/share/zoneinfo/W-SU: Symbolic link
dh157_python_3_12_slim/usr/share/zoneinfo/Brazil/East: Symbolic link
dh157_python_3_12_slim/usr/share/zoneinfo/Brazil/West: Symbolic link
dh157_python_3_12_slim/usr/share/zoneinfo/Brazil/DeNoronha: Symbolic link
dh157_python_3_12_slim/usr/share/zoneinfo/Brazil/Acre: Symbolic link
dh157_python_3_12_slim/usr/share/zoneinfo/posixrules: Symbolic link
dh157_python_3_12_slim/usr/share/zoneinfo/NZ-CHAT: Symbolic link
dh157_python_3_12_slim/usr/share/zoneinfo/Zulu: Symbolic link
dh157_python_3_12_slim/usr/share/zoneinfo/America/Buenos_Aires: Symbolic link
dh157_python_3_12_slim/usr/share/zoneinfo/America/Pangnirtung: Symbolic link
dh157_python_3_12_slim/usr/share/zoneinfo/America/Catamarca: Symbolic link
dh157_python_3_12_slim/usr/share/zoneinfo/America/Santa_Isabel: Symbolic link
dh157_python_3_12_slim/usr/share/zoneinfo/America/Godthab: Symbolic link
dh157_python_3_12_slim/usr/share/zoneinfo/America/Montreal: Symbolic link
dh157_python_3_12_slim/usr/share/zoneinfo/America/Coral_Harbour: Symbolic link
dh157_python_3_12_slim/usr/share/zoneinfo/America/Porto_Acre: Symbolic link
dh157_python_3_12_slim/usr/share/zoneinfo/America/Thunder_Bay: Symbolic link
dh157_python_3_12_slim/usr/share/zoneinfo/America/Cordoba: Symbolic link
dh157_python_3_12_slim/usr/share/zoneinfo/America/Shiprock: Symbolic link
dh157_python_3_12_slim/usr/share/zoneinfo/America/Atka: Symbolic link
dh157_python_3_12_slim/usr/share/zoneinfo/America/Louisville: Symbolic link
dh157_python_3_12_slim/usr/share/zoneinfo/America/Argentina/ComodRivadavia: Symbolic link
dh157_python_3_12_slim/usr/share/zoneinfo/America/Marigot: Symbolic link
dh157_python_3_12_slim/usr/share/zoneinfo/America/Rainy_River: Symbolic link
dh157_python_3_12_slim/usr/share/zoneinfo/America/Nipigon: Symbolic link
dh157_python_3_12_slim/usr/share/zoneinfo/America/St_Barthelemy: Symbolic link
dh157_python_3_12_slim/usr/share/zoneinfo/America/Yellowknife: Symbolic link
dh157_python_3_12_slim/usr/share/zoneinfo/America/Mendoza: Symbolic link
dh157_python_3_12_slim/usr/share/zoneinfo/America/Fort_Wayne: Symbolic link
dh157_python_3_12_slim/usr/share/zoneinfo/America/Virgin: Symbolic link
dh157_python_3_12_slim/usr/share/zoneinfo/America/Lower_Princes: Symbolic link
dh157_python_3_12_slim/usr/share/zoneinfo/America/Knox_IN: Symbolic link
dh157_python_3_12_slim/usr/share/zoneinfo/America/Rosario: Symbolic link
dh157_python_3_12_slim/usr/share/zoneinfo/America/Indianapolis: Symbolic link
dh157_python_3_12_slim/usr/share/zoneinfo/America/Kralendijk: Symbolic link
dh157_python_3_12_slim/usr/share/zoneinfo/America/Ensenada: Symbolic link
dh157_python_3_12_slim/usr/share/zoneinfo/America/Jujuy: Symbolic link
dh157_python_3_12_slim/usr/share/zoneinfo/Navajo: Symbolic link
dh157_python_3_12_slim/usr/share/zoneinfo/ROC: Symbolic link
dh157_python_3_12_slim/usr/share/zoneinfo/US/Eastern: Symbolic link
dh157_python_3_12_slim/usr/share/zoneinfo/US/Central: Symbolic link
dh157_python_3_12_slim/usr/share/zoneinfo/US/Aleutian: Symbolic link
dh157_python_3_12_slim/usr/share/zoneinfo/US/Samoa: Symbolic link
dh157_python_3_12_slim/usr/share/zoneinfo/US/East-Indiana: Symbolic link
dh157_python_3_12_slim/usr/share/zoneinfo/US/Indiana-Starke: Symbolic link
dh157_python_3_12_slim/usr/share/zoneinfo/US/Mountain: Symbolic link
dh157_python_3_12_slim/usr/share/zoneinfo/US/Michigan: Symbolic link
dh157_python_3_12_slim/usr/share/zoneinfo/US/Hawaii: Symbolic link
dh157_python_3_12_slim/usr/share/zoneinfo/US/Alaska: Symbolic link
dh157_python_3_12_slim/usr/share/zoneinfo/US/Pacific: Symbolic link
dh157_python_3_12_slim/usr/share/zoneinfo/US/Arizona: Symbolic link
dh157_python_3_12_slim/usr/share/zoneinfo/UTC: Symbolic link
dh157_python_3_12_slim/usr/share/zoneinfo/Israel: Symbolic link
dh157_python_3_12_slim/usr/share/zoneinfo/UCT: Symbolic link
dh157_python_3_12_slim/usr/share/zoneinfo/NZ: Symbolic link
dh157_python_3_12_slim/usr/share/zoneinfo/ROK: Symbolic link
dh157_python_3_12_slim/usr/share/zoneinfo/GMT-0: Symbolic link
dh157_python_3_12_slim/usr/share/zoneinfo/Eire: Symbolic link
dh157_python_3_12_slim/usr/share/zoneinfo/GB-Eire: Symbolic link
dh157_python_3_12_slim/usr/share/zoneinfo/Mexico/BajaSur: Symbolic link
dh157_python_3_12_slim/usr/share/zoneinfo/Mexico/BajaNorte: Symbolic link
dh157_python_3_12_slim/usr/share/zoneinfo/Mexico/General: Symbolic link
dh157_python_3_12_slim/usr/share/zoneinfo/Europe/Vatican: Symbolic link
dh157_python_3_12_slim/usr/share/zoneinfo/Europe/Kiev: Symbolic link
dh157_python_3_12_slim/usr/share/zoneinfo/Europe/Uzhgorod: Symbolic link
dh157_python_3_12_slim/usr/share/zoneinfo/Europe/Bratislava: Symbolic link
dh157_python_3_12_slim/usr/share/zoneinfo/Europe/Podgorica: Symbolic link
dh157_python_3_12_slim/usr/share/zoneinfo/Europe/Zaporozhye: Symbolic link
dh157_python_3_12_slim/usr/share/zoneinfo/Europe/Belfast: Symbolic link
dh157_python_3_12_slim/usr/share/zoneinfo/Europe/Busingen: Symbolic link
dh157_python_3_12_slim/usr/share/zoneinfo/Europe/Nicosia: Symbolic link
dh157_python_3_12_slim/usr/share/zoneinfo/Europe/Mariehamn: Symbolic link
dh157_python_3_12_slim/usr/share/zoneinfo/Europe/San_Marino: Symbolic link
dh157_python_3_12_slim/usr/share/zoneinfo/Europe/Tiraspol: Symbolic link
dh157_python_3_12_slim/usr/share/zoneinfo/Africa/Timbuktu: Symbolic link
dh157_python_3_12_slim/usr/share/zoneinfo/Africa/Asmera: Symbolic link
dh157_python_3_12_slim/usr/share/zoneinfo/Etc/Universal: Symbolic link
dh157_python_3_12_slim/usr/share/zoneinfo/Etc/GMT0: Symbolic link
dh157_python_3_12_slim/usr/share/zoneinfo/Etc/Zulu: Symbolic link
dh157_python_3_12_slim/usr/share/zoneinfo/Etc/UCT: Symbolic link
dh157_python_3_12_slim/usr/share/zoneinfo/Etc/GMT-0: Symbolic link
dh157_python_3_12_slim/usr/share/zoneinfo/Etc/GMT+0: Symbolic link
dh157_python_3_12_slim/usr/share/zoneinfo/Etc/Greenwich: Symbolic link
dh157_python_3_12_slim/usr/share/zoneinfo/localtime: Symbolic link
dh157_python_3_12_slim/usr/share/zoneinfo/Asia/Tel_Aviv: Symbolic link
dh157_python_3_12_slim/usr/share/zoneinfo/Asia/Calcutta: Symbolic link
dh157_python_3_12_slim/usr/share/zoneinfo/Asia/Ujung_Pandang: Symbolic link
dh157_python_3_12_slim/usr/share/zoneinfo/Asia/Kashgar: Symbolic link
dh157_python_3_12_slim/usr/share/zoneinfo/Asia/Ashkhabad: Symbolic link
dh157_python_3_12_slim/usr/share/zoneinfo/Asia/Dacca: Symbolic link
dh157_python_3_12_slim/usr/share/zoneinfo/Asia/Harbin: Symbolic link
dh157_python_3_12_slim/usr/share/zoneinfo/Asia/Katmandu: Symbolic link
dh157_python_3_12_slim/usr/share/zoneinfo/Asia/Rangoon: Symbolic link
dh157_python_3_12_slim/usr/share/zoneinfo/Asia/Chongqing: Symbolic link
dh157_python_3_12_slim/usr/share/zoneinfo/Asia/Saigon: Symbolic link
dh157_python_3_12_slim/usr/share/zoneinfo/Asia/Macao: Symbolic link
dh157_python_3_12_slim/usr/share/zoneinfo/Asia/Chungking: Symbolic link
dh157_python_3_12_slim/usr/share/zoneinfo/Asia/Ulan_Bator: Symbolic link
dh157_python_3_12_slim/usr/share/zoneinfo/Asia/Istanbul: Symbolic link
dh157_python_3_12_slim/usr/share/zoneinfo/Asia/Thimbu: Symbolic link
dh157_python_3_12_slim/usr/share/zoneinfo/Pacific/Johnston: Symbolic link
dh157_python_3_12_slim/usr/share/zoneinfo/Pacific/Truk: Symbolic link
dh157_python_3_12_slim/usr/share/zoneinfo/Pacific/Samoa: Symbolic link
dh157_python_3_12_slim/usr/share/zoneinfo/Pacific/Yap: Symbolic link
dh157_python_3_12_slim/usr/share/zoneinfo/Pacific/Ponape: Symbolic link
dh157_python_3_12_slim/usr/share/zoneinfo/Pacific/Enderbury: Symbolic link
dh157_python_3_12_slim/usr/share/zoneinfo/GMT+0: Symbolic link
dh157_python_3_12_slim/usr/share/zoneinfo/Atlantic/Faeroe: Symbolic link
dh157_python_3_12_slim/usr/share/zoneinfo/Atlantic/Jan_Mayen: Symbolic link
dh157_python_3_12_slim/usr/share/zoneinfo/Canada/Eastern: Symbolic link
dh157_python_3_12_slim/usr/share/zoneinfo/Canada/Central: Symbolic link
dh157_python_3_12_slim/usr/share/zoneinfo/Canada/Newfoundland: Symbolic link
dh157_python_3_12_slim/usr/share/zoneinfo/Canada/Mountain: Symbolic link
dh157_python_3_12_slim/usr/share/zoneinfo/Canada/Saskatchewan: Symbolic link
dh157_python_3_12_slim/usr/share/zoneinfo/Canada/Yukon: Symbolic link
dh157_python_3_12_slim/usr/share/zoneinfo/Canada/Pacific: Symbolic link
dh157_python_3_12_slim/usr/share/zoneinfo/Canada/Atlantic: Symbolic link
dh157_python_3_12_slim/usr/share/zoneinfo/right/Iran: Symbolic link
dh157_python_3_12_slim/usr/share/zoneinfo/right/Universal: Symbolic link
dh157_python_3_12_slim/usr/share/zoneinfo/right/Poland: Symbolic link
dh157_python_3_12_slim/usr/share/zoneinfo/right/Kwajalein: Symbolic link
dh157_python_3_12_slim/usr/share/zoneinfo/right/GB: Symbolic link
dh157_python_3_12_slim/usr/share/zoneinfo/right/Japan: Symbolic link
dh157_python_3_12_slim/usr/share/zoneinfo/right/Chile/EasterIsland: Symbolic link
dh157_python_3_12_slim/usr/share/zoneinfo/right/Chile/Continental: Symbolic link
dh157_python_3_12_slim/usr/share/zoneinfo/right/Singapore: Symbolic link
dh157_python_3_12_slim/usr/share/zoneinfo/right/GMT0: Symbolic link
dh157_python_3_12_slim/usr/share/zoneinfo/right/Iceland: Symbolic link
dh157_python_3_12_slim/usr/share/zoneinfo/right/Portugal: Symbolic link
dh157_python_3_12_slim/usr/share/zoneinfo/right/Hongkong: Symbolic link
dh157_python_3_12_slim/usr/share/zoneinfo/right/Jamaica: Symbolic link
dh157_python_3_12_slim/usr/share/zoneinfo/right/PRC: Symbolic link
dh157_python_3_12_slim/usr/share/zoneinfo/right/GMT: Symbolic link
dh157_python_3_12_slim/usr/share/zoneinfo/right/Antarctica/South_Pole: Symbolic link
dh157_python_3_12_slim/usr/share/zoneinfo/right/Arctic/Longyearbyen: Symbolic link
dh157_python_3_12_slim/usr/share/zoneinfo/right/Turkey: Symbolic link
dh157_python_3_12_slim/usr/share/zoneinfo/right/Cuba: Symbolic link
dh157_python_3_12_slim/usr/share/zoneinfo/right/Australia/Queensland: Symbolic link
dh157_python_3_12_slim/usr/share/zoneinfo/right/Australia/LHI: Symbolic link
dh157_python_3_12_slim/usr/share/zoneinfo/right/Australia/ACT: Symbolic link
dh157_python_3_12_slim/usr/share/zoneinfo/right/Australia/Canberra: Symbolic link
dh157_python_3_12_slim/usr/share/zoneinfo/right/Australia/South: Symbolic link
dh157_python_3_12_slim/usr/share/zoneinfo/right/Australia/West: Symbolic link
dh157_python_3_12_slim/usr/share/zoneinfo/right/Australia/North: Symbolic link
dh157_python_3_12_slim/usr/share/zoneinfo/right/Australia/Yancowinna: Symbolic link
dh157_python_3_12_slim/usr/share/zoneinfo/right/Australia/NSW: Symbolic link
dh157_python_3_12_slim/usr/share/zoneinfo/right/Australia/Tasmania: Symbolic link
dh157_python_3_12_slim/usr/share/zoneinfo/right/Australia/Currie: Symbolic link
dh157_python_3_12_slim/usr/share/zoneinfo/right/Australia/Victoria: Symbolic link
dh157_python_3_12_slim/usr/share/zoneinfo/right/W-SU: Symbolic link
dh157_python_3_12_slim/usr/share/zoneinfo/right/Brazil/East: Symbolic link
dh157_python_3_12_slim/usr/share/zoneinfo/right/Brazil/West: Symbolic link
dh157_python_3_12_slim/usr/share/zoneinfo/right/Brazil/DeNoronha: Symbolic link
dh157_python_3_12_slim/usr/share/zoneinfo/right/Brazil/Acre: Symbolic link
dh157_python_3_12_slim/usr/share/zoneinfo/right/NZ-CHAT: Symbolic link
dh157_python_3_12_slim/usr/share/zoneinfo/right/Zulu: Symbolic link
dh157_python_3_12_slim/usr/share/zoneinfo/right/America/Buenos_Aires: Symbolic link
dh157_python_3_12_slim/usr/share/zoneinfo/right/America/Pangnirtung: Symbolic link
dh157_python_3_12_slim/usr/share/zoneinfo/right/America/Catamarca: Symbolic link
dh157_python_3_12_slim/usr/share/zoneinfo/right/America/Santa_Isabel: Symbolic link
dh157_python_3_12_slim/usr/share/zoneinfo/right/America/Godthab: Symbolic link
dh157_python_3_12_slim/usr/share/zoneinfo/right/America/Montreal: Symbolic link
dh157_python_3_12_slim/usr/share/zoneinfo/right/America/Coral_Harbour: Symbolic link
dh157_python_3_12_slim/usr/share/zoneinfo/right/America/Porto_Acre: Symbolic link
dh157_python_3_12_slim/usr/share/zoneinfo/right/America/Thunder_Bay: Symbolic link
dh157_python_3_12_slim/usr/share/zoneinfo/right/America/Cordoba: Symbolic link
dh157_python_3_12_slim/usr/share/zoneinfo/right/America/Shiprock: Symbolic link
dh157_python_3_12_slim/usr/share/zoneinfo/right/America/Atka: Symbolic link
dh157_python_3_12_slim/usr/share/zoneinfo/right/America/Louisville: Symbolic link
dh157_python_3_12_slim/usr/share/zoneinfo/right/America/Argentina/ComodRivadavia: Symbolic link
dh157_python_3_12_slim/usr/share/zoneinfo/right/America/Marigot: Symbolic link
dh157_python_3_12_slim/usr/share/zoneinfo/right/America/Rainy_River: Symbolic link
dh157_python_3_12_slim/usr/share/zoneinfo/right/America/Nipigon: Symbolic link
dh157_python_3_12_slim/usr/share/zoneinfo/right/America/St_Barthelemy: Symbolic link
dh157_python_3_12_slim/usr/share/zoneinfo/right/America/Yellowknife: Symbolic link
dh157_python_3_12_slim/usr/share/zoneinfo/right/America/Mendoza: Symbolic link
dh157_python_3_12_slim/usr/share/zoneinfo/right/America/Fort_Wayne: Symbolic link
dh157_python_3_12_slim/usr/share/zoneinfo/right/America/Virgin: Symbolic link
dh157_python_3_12_slim/usr/share/zoneinfo/right/America/Lower_Princes: Symbolic link
dh157_python_3_12_slim/usr/share/zoneinfo/right/America/Knox_IN: Symbolic link
dh157_python_3_12_slim/usr/share/zoneinfo/right/America/Rosario: Symbolic link
dh157_python_3_12_slim/usr/share/zoneinfo/right/America/Indianapolis: Symbolic link
dh157_python_3_12_slim/usr/share/zoneinfo/right/America/Kralendijk: Symbolic link
dh157_python_3_12_slim/usr/share/zoneinfo/right/America/Ensenada: Symbolic link
dh157_python_3_12_slim/usr/share/zoneinfo/right/America/Jujuy: Symbolic link
dh157_python_3_12_slim/usr/share/zoneinfo/right/Navajo: Symbolic link
dh157_python_3_12_slim/usr/share/zoneinfo/right/ROC: Symbolic link
dh157_python_3_12_slim/usr/share/zoneinfo/right/US/Eastern: Symbolic link
dh157_python_3_12_slim/usr/share/zoneinfo/right/US/Central: Symbolic link
dh157_python_3_12_slim/usr/share/zoneinfo/right/US/Aleutian: Symbolic link
dh157_python_3_12_slim/usr/share/zoneinfo/right/US/Samoa: Symbolic link
dh157_python_3_12_slim/usr/share/zoneinfo/right/US/East-Indiana: Symbolic link
dh157_python_3_12_slim/usr/share/zoneinfo/right/US/Indiana-Starke: Symbolic link
dh157_python_3_12_slim/usr/share/zoneinfo/right/US/Mountain: Symbolic link
dh157_python_3_12_slim/usr/share/zoneinfo/right/US/Michigan: Symbolic link
dh157_python_3_12_slim/usr/share/zoneinfo/right/US/Hawaii: Symbolic link
dh157_python_3_12_slim/usr/share/zoneinfo/right/US/Alaska: Symbolic link
dh157_python_3_12_slim/usr/share/zoneinfo/right/US/Pacific: Symbolic link
dh157_python_3_12_slim/usr/share/zoneinfo/right/US/Arizona: Symbolic link
dh157_python_3_12_slim/usr/share/zoneinfo/right/UTC: Symbolic link
dh157_python_3_12_slim/usr/share/zoneinfo/right/Israel: Symbolic link
dh157_python_3_12_slim/usr/share/zoneinfo/right/UCT: Symbolic link
dh157_python_3_12_slim/usr/share/zoneinfo/right/NZ: Symbolic link
dh157_python_3_12_slim/usr/share/zoneinfo/right/ROK: Symbolic link
dh157_python_3_12_slim/usr/share/zoneinfo/right/GMT-0: Symbolic link
dh157_python_3_12_slim/usr/share/zoneinfo/right/Eire: Symbolic link
dh157_python_3_12_slim/usr/share/zoneinfo/right/GB-Eire: Symbolic link
dh157_python_3_12_slim/usr/share/zoneinfo/right/Mexico/BajaSur: Symbolic link
dh157_python_3_12_slim/usr/share/zoneinfo/right/Mexico/BajaNorte: Symbolic link
dh157_python_3_12_slim/usr/share/zoneinfo/right/Mexico/General: Symbolic link
dh157_python_3_12_slim/usr/share/zoneinfo/right/Europe/Vatican: Symbolic link
dh157_python_3_12_slim/usr/share/zoneinfo/right/Europe/Kiev: Symbolic link
dh157_python_3_12_slim/usr/share/zoneinfo/right/Europe/Uzhgorod: Symbolic link
dh157_python_3_12_slim/usr/share/zoneinfo/right/Europe/Bratislava: Symbolic link
dh157_python_3_12_slim/usr/share/zoneinfo/right/Europe/Podgorica: Symbolic link
dh157_python_3_12_slim/usr/share/zoneinfo/right/Europe/Zaporozhye: Symbolic link
dh157_python_3_12_slim/usr/share/zoneinfo/right/Europe/Belfast: Symbolic link
dh157_python_3_12_slim/usr/share/zoneinfo/right/Europe/Busingen: Symbolic link
dh157_python_3_12_slim/usr/share/zoneinfo/right/Europe/Nicosia: Symbolic link
dh157_python_3_12_slim/usr/share/zoneinfo/right/Europe/Mariehamn: Symbolic link
dh157_python_3_12_slim/usr/share/zoneinfo/right/Europe/San_Marino: Symbolic link
dh157_python_3_12_slim/usr/share/zoneinfo/right/Europe/Tiraspol: Symbolic link
dh157_python_3_12_slim/usr/share/zoneinfo/right/Africa/Timbuktu: Symbolic link
dh157_python_3_12_slim/usr/share/zoneinfo/right/Africa/Asmera: Symbolic link
dh157_python_3_12_slim/usr/share/zoneinfo/right/Etc/Universal: Symbolic link
dh157_python_3_12_slim/usr/share/zoneinfo/right/Etc/GMT0: Symbolic link
dh157_python_3_12_slim/usr/share/zoneinfo/right/Etc/Zulu: Symbolic link
dh157_python_3_12_slim/usr/share/zoneinfo/right/Etc/UCT: Symbolic link
dh157_python_3_12_slim/usr/share/zoneinfo/right/Etc/GMT-0: Symbolic link
dh157_python_3_12_slim/usr/share/zoneinfo/right/Etc/GMT+0: Symbolic link
dh157_python_3_12_slim/usr/share/zoneinfo/right/Etc/Greenwich: Symbolic link
dh157_python_3_12_slim/usr/share/zoneinfo/right/Asia/Tel_Aviv: Symbolic link
dh157_python_3_12_slim/usr/share/zoneinfo/right/Asia/Calcutta: Symbolic link
dh157_python_3_12_slim/usr/share/zoneinfo/right/Asia/Ujung_Pandang: Symbolic link
dh157_python_3_12_slim/usr/share/zoneinfo/right/Asia/Kashgar: Symbolic link
dh157_python_3_12_slim/usr/share/zoneinfo/right/Asia/Ashkhabad: Symbolic link
dh157_python_3_12_slim/usr/share/zoneinfo/right/Asia/Dacca: Symbolic link
dh157_python_3_12_slim/usr/share/zoneinfo/right/Asia/Harbin: Symbolic link
dh157_python_3_12_slim/usr/share/zoneinfo/right/Asia/Katmandu: Symbolic link
dh157_python_3_12_slim/usr/share/zoneinfo/right/Asia/Rangoon: Symbolic link
dh157_python_3_12_slim/usr/share/zoneinfo/right/Asia/Chongqing: Symbolic link
dh157_python_3_12_slim/usr/share/zoneinfo/right/Asia/Saigon: Symbolic link
dh157_python_3_12_slim/usr/share/zoneinfo/right/Asia/Macao: Symbolic link
dh157_python_3_12_slim/usr/share/zoneinfo/right/Asia/Chungking: Symbolic link
dh157_python_3_12_slim/usr/share/zoneinfo/right/Asia/Ulan_Bator: Symbolic link
dh157_python_3_12_slim/usr/share/zoneinfo/right/Asia/Istanbul: Symbolic link
dh157_python_3_12_slim/usr/share/zoneinfo/right/Asia/Thimbu: Symbolic link
dh157_python_3_12_slim/usr/share/zoneinfo/right/Pacific/Johnston: Symbolic link
dh157_python_3_12_slim/usr/share/zoneinfo/right/Pacific/Truk: Symbolic link
dh157_python_3_12_slim/usr/share/zoneinfo/right/Pacific/Samoa: Symbolic link
dh157_python_3_12_slim/usr/share/zoneinfo/right/Pacific/Yap: Symbolic link
dh157_python_3_12_slim/usr/share/zoneinfo/right/Pacific/Ponape: Symbolic link
dh157_python_3_12_slim/usr/share/zoneinfo/right/Pacific/Enderbury: Symbolic link
dh157_python_3_12_slim/usr/share/zoneinfo/right/GMT+0: Symbolic link
dh157_python_3_12_slim/usr/share/zoneinfo/right/Atlantic/Faeroe: Symbolic link
dh157_python_3_12_slim/usr/share/zoneinfo/right/Atlantic/Jan_Mayen: Symbolic link
dh157_python_3_12_slim/usr/share/zoneinfo/right/Canada/Eastern: Symbolic link
dh157_python_3_12_slim/usr/share/zoneinfo/right/Canada/Central: Symbolic link
dh157_python_3_12_slim/usr/share/zoneinfo/right/Canada/Newfoundland: Symbolic link
dh157_python_3_12_slim/usr/share/zoneinfo/right/Canada/Mountain: Symbolic link
dh157_python_3_12_slim/usr/share/zoneinfo/right/Canada/Saskatchewan: Symbolic link
dh157_python_3_12_slim/usr/share/zoneinfo/right/Canada/Yukon: Symbolic link
dh157_python_3_12_slim/usr/share/zoneinfo/right/Canada/Pacific: Symbolic link
dh157_python_3_12_slim/usr/share/zoneinfo/right/Canada/Atlantic: Symbolic link
dh157_python_3_12_slim/usr/share/zoneinfo/right/Egypt: Symbolic link
dh157_python_3_12_slim/usr/share/zoneinfo/right/Libya: Symbolic link
dh157_python_3_12_slim/usr/share/zoneinfo/right/Greenwich: Symbolic link
dh157_python_3_12_slim/usr/share/zoneinfo/Egypt: Symbolic link
dh157_python_3_12_slim/usr/share/zoneinfo/Libya: Symbolic link
dh157_python_3_12_slim/usr/share/zoneinfo/posix/Iran: Symbolic link
dh157_python_3_12_slim/usr/share/zoneinfo/posix/Universal: Symbolic link
dh157_python_3_12_slim/usr/share/zoneinfo/posix/Poland: Symbolic link
dh157_python_3_12_slim/usr/share/zoneinfo/posix/Kwajalein: Symbolic link
dh157_python_3_12_slim/usr/share/zoneinfo/posix/GB: Symbolic link
dh157_python_3_12_slim/usr/share/zoneinfo/posix/Japan: Symbolic link
dh157_python_3_12_slim/usr/share/zoneinfo/posix/Chile: Symbolic link
dh157_python_3_12_slim/usr/share/zoneinfo/posix/Indian: Symbolic link
dh157_python_3_12_slim/usr/share/zoneinfo/posix/Singapore: Symbolic link
dh157_python_3_12_slim/usr/share/zoneinfo/posix/CET: Symbolic link
dh157_python_3_12_slim/usr/share/zoneinfo/posix/MET: Symbolic link
dh157_python_3_12_slim/usr/share/zoneinfo/posix/GMT0: Symbolic link
dh157_python_3_12_slim/usr/share/zoneinfo/posix/Iceland: Symbolic link
dh157_python_3_12_slim/usr/share/zoneinfo/posix/Portugal: Symbolic link
dh157_python_3_12_slim/usr/share/zoneinfo/posix/Hongkong: Symbolic link
dh157_python_3_12_slim/usr/share/zoneinfo/posix/Jamaica: Symbolic link
dh157_python_3_12_slim/usr/share/zoneinfo/posix/PRC: Symbolic link
dh157_python_3_12_slim/usr/share/zoneinfo/posix/MST7MDT: Symbolic link
dh157_python_3_12_slim/usr/share/zoneinfo/posix/GMT: Symbolic link
dh157_python_3_12_slim/usr/share/zoneinfo/posix/Antarctica: Symbolic link
dh157_python_3_12_slim/usr/share/zoneinfo/posix/PST8PDT: Symbolic link
dh157_python_3_12_slim/usr/share/zoneinfo/posix/Arctic: Symbolic link
dh157_python_3_12_slim/usr/share/zoneinfo/posix/Turkey: Symbolic link
dh157_python_3_12_slim/usr/share/zoneinfo/posix/EST5EDT: Symbolic link
dh157_python_3_12_slim/usr/share/zoneinfo/posix/Cuba: Symbolic link
dh157_python_3_12_slim/usr/share/zoneinfo/posix/Australia: Symbolic link
dh157_python_3_12_slim/usr/share/zoneinfo/posix/W-SU: Symbolic link
dh157_python_3_12_slim/usr/share/zoneinfo/posix/Brazil: Symbolic link
dh157_python_3_12_slim/usr/share/zoneinfo/posix/NZ-CHAT: Symbolic link
dh157_python_3_12_slim/usr/share/zoneinfo/posix/Zulu: Symbolic link
dh157_python_3_12_slim/usr/share/zoneinfo/posix/America: Symbolic link
dh157_python_3_12_slim/usr/share/zoneinfo/posix/Navajo: Symbolic link
dh157_python_3_12_slim/usr/share/zoneinfo/posix/CST6CDT: Symbolic link
dh157_python_3_12_slim/usr/share/zoneinfo/posix/Factory: Symbolic link
dh157_python_3_12_slim/usr/share/zoneinfo/posix/ROC: Symbolic link
dh157_python_3_12_slim/usr/share/zoneinfo/posix/US: Symbolic link
dh157_python_3_12_slim/usr/share/zoneinfo/posix/UTC: Symbolic link
dh157_python_3_12_slim/usr/share/zoneinfo/posix/Israel: Symbolic link
dh157_python_3_12_slim/usr/share/zoneinfo/posix/UCT: Symbolic link
dh157_python_3_12_slim/usr/share/zoneinfo/posix/NZ: Symbolic link
dh157_python_3_12_slim/usr/share/zoneinfo/posix/EET: Symbolic link
dh157_python_3_12_slim/usr/share/zoneinfo/posix/ROK: Symbolic link
dh157_python_3_12_slim/usr/share/zoneinfo/posix/GMT-0: Symbolic link
dh157_python_3_12_slim/usr/share/zoneinfo/posix/Eire: Symbolic link
dh157_python_3_12_slim/usr/share/zoneinfo/posix/GB-Eire: Symbolic link
dh157_python_3_12_slim/usr/share/zoneinfo/posix/Mexico: Symbolic link
dh157_python_3_12_slim/usr/share/zoneinfo/posix/Europe: Symbolic link
dh157_python_3_12_slim/usr/share/zoneinfo/posix/Africa: Symbolic link
dh157_python_3_12_slim/usr/share/zoneinfo/posix/Etc: Symbolic link
dh157_python_3_12_slim/usr/share/zoneinfo/posix/Asia: Symbolic link
dh157_python_3_12_slim/usr/share/zoneinfo/posix/WET: Symbolic link
dh157_python_3_12_slim/usr/share/zoneinfo/posix/HST: Symbolic link
dh157_python_3_12_slim/usr/share/zoneinfo/posix/Pacific: Symbolic link
dh157_python_3_12_slim/usr/share/zoneinfo/posix/GMT+0: Symbolic link
dh157_python_3_12_slim/usr/share/zoneinfo/posix/Atlantic: Symbolic link
dh157_python_3_12_slim/usr/share/zoneinfo/posix/Canada: Symbolic link
dh157_python_3_12_slim/usr/share/zoneinfo/posix/Egypt: Symbolic link
dh157_python_3_12_slim/usr/share/zoneinfo/posix/Libya: Symbolic link
dh157_python_3_12_slim/usr/share/zoneinfo/posix/MST: Symbolic link
dh157_python_3_12_slim/usr/share/zoneinfo/posix/EST: Symbolic link
dh157_python_3_12_slim/usr/share/zoneinfo/posix/Greenwich: Symbolic link
dh157_python_3_12_slim/usr/share/zoneinfo/Greenwich: Symbolic link
dh157_python_3_12_slim/usr/share/bash-completion/completions/runuser: Symbolic link
dh157_python_3_12_slim/usr/share/bash-completion/completions/lastb: Symbolic link
dh157_python_3_12_slim/usr/share/bash-completion/completions/debconf-show: Symbolic link
dh157_python_3_12_slim/usr/share/doc/libncursesw6: Symbolic link
dh157_python_3_12_slim/usr/share/doc/libgcc-s1: Symbolic link
dh157_python_3_12_slim/usr/share/doc/libstdc++6: Symbolic link
dh157_python_3_12_slim/usr/lib/ssl/private: Symbolic link
dh157_python_3_12_slim/usr/lib/ssl/openssl.cnf: Symbolic link
dh157_python_3_12_slim/usr/lib/ssl/misc/tsget: Symbolic link
dh157_python_3_12_slim/usr/lib/ssl/cert.pem: Symbolic link
dh157_python_3_12_slim/usr/lib/ssl/certs: Symbolic link
dh157_python_3_12_slim/usr/lib/apt/planners/dump: Symbolic link
dh157_python_3_12_slim/usr/lib/apt/methods/mirror+https: Symbolic link
dh157_python_3_12_slim/usr/lib/apt/methods/ssh: Symbolic link
dh157_python_3_12_slim/usr/lib/apt/methods/mirror+file: Symbolic link
dh157_python_3_12_slim/usr/lib/apt/methods/https: Symbolic link
dh157_python_3_12_slim/usr/lib/apt/methods/mirror+http: Symbolic link
dh157_python_3_12_slim/usr/lib/apt/methods/mirror+ftp: Symbolic link
dh157_python_3_12_slim/usr/lib/apt/methods/mirror+copy: Symbolic link
dh157_python_3_12_slim/usr/lib/x86_64-linux-gnu/libzstd.so.1: Symbolic link
dh157_python_3_12_slim/usr/lib/x86_64-linux-gnu/libudev.so.1: Symbolic link
dh157_python_3_12_slim/usr/lib/x86_64-linux-gnu/libhogweed.so.6: Symbolic link
dh157_python_3_12_slim/usr/lib/x86_64-linux-gnu/libcrypt.so.1: Symbolic link
dh157_python_3_12_slim/usr/lib/x86_64-linux-gnu/libnettle.so.8: Symbolic link
dh157_python_3_12_slim/usr/lib/x86_64-linux-gnu/libaudit.so.1: Symbolic link
dh157_python_3_12_slim/usr/lib/x86_64-linux-gnu/libpsx.so.2: Symbolic link
dh157_python_3_12_slim/usr/lib/x86_64-linux-gnu/libtinfo.so.6: Symbolic link
dh157_python_3_12_slim/usr/lib/x86_64-linux-gnu/libgpg-error.so.0: Symbolic link
dh157_python_3_12_slim/usr/lib/x86_64-linux-gnu/libtasn1.so.6: Symbolic link
dh157_python_3_12_slim/usr/lib/x86_64-linux-gnu/libmount.so.1: Symbolic link
dh157_python_3_12_slim/usr/lib/x86_64-linux-gnu/libidn2.so.0: Symbolic link
dh157_python_3_12_slim/usr/lib/x86_64-linux-gnu/libsmartcols.so.1: Symbolic link
dh157_python_3_12_slim/usr/lib/x86_64-linux-gnu/libkeyutils.so.1: Symbolic link
dh157_python_3_12_slim/usr/lib/x86_64-linux-gnu/libpam.so.0: Symbolic link
dh157_python_3_12_slim/usr/lib/x86_64-linux-gnu/libexpat.so.1: Symbolic link
dh157_python_3_12_slim/usr/lib/x86_64-linux-gnu/libp11-kit.so.0: Symbolic link
dh157_python_3_12_slim/usr/lib/x86_64-linux-gnu/libreadline.so.8: Symbolic link
dh157_python_3_12_slim/usr/lib/x86_64-linux-gnu/libncursesw.so.6: Symbolic link
dh157_python_3_12_slim/usr/lib/x86_64-linux-gnu/libcom_err.so.2: Symbolic link
dh157_python_3_12_slim/usr/lib/x86_64-linux-gnu/libgdbm.so.6: Symbolic link
dh157_python_3_12_slim/usr/lib/x86_64-linux-gnu/libpam_misc.so.0: Symbolic link
dh157_python_3_12_slim/usr/lib/x86_64-linux-gnu/libuuid.so.1: Symbolic link
dh157_python_3_12_slim/usr/lib/x86_64-linux-gnu/libacl.so.1: Symbolic link
dh157_python_3_12_slim/usr/lib/x86_64-linux-gnu/libtic.so.6: Symbolic link
dh157_python_3_12_slim/usr/lib/x86_64-linux-gnu/libtirpc.so.3: Symbolic link
dh157_python_3_12_slim/usr/lib/x86_64-linux-gnu/libunistring.so.2: Symbolic link
dh157_python_3_12_slim/usr/lib/x86_64-linux-gnu/libss.so.2: Symbolic link
dh157_python_3_12_slim/usr/lib/x86_64-linux-gnu/libblkid.so.1: Symbolic link
dh157_python_3_12_slim/usr/lib/x86_64-linux-gnu/liblz4.so.1: Symbolic link
dh157_python_3_12_slim/usr/lib/x86_64-linux-gnu/libmenuw.so.6: Symbolic link
dh157_python_3_12_slim/usr/lib/x86_64-linux-gnu/libapt-private.so.0.0: Symbolic link
dh157_python_3_12_slim/usr/lib/x86_64-linux-gnu/libbz2.so.1: Symbolic link
dh157_python_3_12_slim/usr/lib/x86_64-linux-gnu/libpanelw.so.6: Symbolic link
dh157_python_3_12_slim/usr/lib/x86_64-linux-gnu/libbz2.so.1.0: Symbolic link
dh157_python_3_12_slim/usr/lib/x86_64-linux-gnu/libsystemd.so.0: Symbolic link
dh157_python_3_12_slim/usr/lib/x86_64-linux-gnu/libgssapi_krb5.so.2: Symbolic link
dh157_python_3_12_slim/usr/lib/x86_64-linux-gnu/libe2p.so.2: Symbolic link
dh157_python_3_12_slim/usr/lib/x86_64-linux-gnu/libseccomp.so.2: Symbolic link
dh157_python_3_12_slim/usr/lib/x86_64-linux-gnu/libffi.so.8: Symbolic link
dh157_python_3_12_slim/usr/lib/x86_64-linux-gnu/libhistory.so.8: Symbolic link
dh157_python_3_12_slim/usr/lib/x86_64-linux-gnu/libsqlite3.so.0: Symbolic link
dh157_python_3_12_slim/usr/lib/x86_64-linux-gnu/libstdc++.so.6: Symbolic link
dh157_python_3_12_slim/usr/lib/x86_64-linux-gnu/libattr.so.1: Symbolic link
dh157_python_3_12_slim/usr/lib/x86_64-linux-gnu/libcap.so.2: Symbolic link
dh157_python_3_12_slim/usr/lib/x86_64-linux-gnu/libmd.so.0: Symbolic link
dh157_python_3_12_slim/usr/lib/x86_64-linux-gnu/libkrb5support.so.0: Symbolic link
dh157_python_3_12_slim/usr/lib/x86_64-linux-gnu/liblzma.so.5: Symbolic link
dh157_python_3_12_slim/usr/lib/x86_64-linux-gnu/libformw.so.6: Symbolic link
dh157_python_3_12_slim/usr/lib/x86_64-linux-gnu/libz.so.1: Symbolic link
dh157_python_3_12_slim/usr/lib/x86_64-linux-gnu/libpamc.so.0: Symbolic link
dh157_python_3_12_slim/usr/lib/x86_64-linux-gnu/libapt-pkg.so.6.0: Symbolic link
dh157_python_3_12_slim/usr/lib/x86_64-linux-gnu/libext2fs.so.2: Symbolic link
dh157_python_3_12_slim/usr/lib/x86_64-linux-gnu/libxxhash.so.0: Symbolic link
dh157_python_3_12_slim/usr/lib/x86_64-linux-gnu/libk5crypto.so.3: Symbolic link
dh157_python_3_12_slim/usr/lib/x86_64-linux-gnu/libexpatw.so.1: Symbolic link
dh157_python_3_12_slim/usr/lib/x86_64-linux-gnu/libnsl.so.2: Symbolic link
dh157_python_3_12_slim/usr/lib/x86_64-linux-gnu/libgmp.so.10: Symbolic link
dh157_python_3_12_slim/usr/lib/x86_64-linux-gnu/libkrb5.so.3: Symbolic link
dh157_python_3_12_slim/usr/lib/x86_64-linux-gnu/libgcrypt.so.20: Symbolic link
dh157_python_3_12_slim/usr/lib/x86_64-linux-gnu/libdrop_ambient.so.0: Symbolic link
dh157_python_3_12_slim/usr/lib/x86_64-linux-gnu/libgnutls.so.30: Symbolic link
dh157_python_3_12_slim/usr/lib/x86_64-linux-gnu/libdebconfclient.so.0: Symbolic link
dh157_python_3_12_slim/usr/lib/x86_64-linux-gnu/libpcre2-8.so.0: Symbolic link
dh157_python_3_12_slim/usr/lib/x86_64-linux-gnu/libcap-ng.so.0: Symbolic link
dh157_python_3_12_slim/usr/lib/terminfo/E/Eterm-color: Symbolic link
dh157_python_3_12_slim/usr/lib/terminfo/x/xterm-debian: Symbolic link
dh157_python_3_12_slim/usr/lib/terminfo/r/rxvt-m: Symbolic link
dh157_python_3_12_slim/lib: Symbolic link

----------- SCAN SUMMARY -----------
Known viruses: 8697312
Engine version: 0.103.11
Scanned directories: 749
Scanned files: 5584
Infected files: 0
Data scanned: 145.33 MB
Data read: 123.24 MB (ratio 1.18:1)
Time: 121.882 sec (2 m 1 s)
Start Date: 2024:08:20 15:00:31
End Date:   2024:08:20 15:02:33
